{"meta": {"format": 3, "version": "7.13.4", "timestamp": "2026-02-28T03:41:51.937676", "branch_coverage": false, "show_contexts": false}, "files": {"backend/__init__.py": {"executed_lines": [], "summary": {"covered_lines": 0, "num_statements": 1, "percent_covered": 0.0, "percent_covered_display": "0.00", "missing_lines": 1, "excluded_lines": 0, "percent_statements_covered": 0.0, "percent_statements_covered_display": "0.00"}, "missing_lines": [4], "excluded_lines": [], "functions": {"": {"executed_lines": [], "summary": {"covered_lines": 0, "num_statements": 1, "percent_covered": 0.0, "percent_covered_display": "0.00", "missing_lines": 1, "excluded_lines": 0, "percent_statements_covered": 0.0, "percent_statements_covered_display": "0.00"}, "missing_lines": [4], "excluded_lines": [], "start_line": 1}}, "classes": {"": {"executed_lines": [], "summary": {"covered_lines": 0, "num_statements": 1, "percent_covered": 0.0, "percent_covered_display": "0.00", "missing_lines": 1, "excluded_lines": 0, "percent_statements_covered": 0.0, "percent_statements_covered_display": "0.00"}, "missing_lines": [4], "excluded_lines": [], "start_line": 1}}}, "backend/app/__init__.py": {"executed_lines": [], "summary": {"covered_lines": 0, "num_statements": 3, "percent_covered": 0.0, "percent_covered_display": "0.00", "missing_lines": 3, "excluded_lines": 0, "percent_statements_covered": 0.0, "percent_statements_covered_display": "0.00"}, "missing_lines": [4, 6, 8], "excluded_lines": [], "functions": {"": {"executed_lines": [], "summary": {"covered_lines": 0, "num_statements": 3, "percent_covered": 0.0, "percent_covered_display": "0.00", "missing_lines": 3, "excluded_lines": 0, "percent_statements_covered": 0.0, "percent_statements_covered_display": "0.00"}, "missing_lines": [4, 6, 8], "excluded_lines": [], "start_line": 1}}, "classes": {"": {"executed_lines": [], "summary": {"covered_lines": 0, "num_statements": 3, "percent_covered": 0.0, "percent_covered_display": "0.00", "missing_lines": 3, "excluded_lines": 0, "percent_statements_covered": 0.0, "percent_statements_covered_display": "0.00"}, "missing_lines": [4, 6, 8], "excluded_lines": [], "start_line": 1}}}, "backend/app/analytics/__init__.py": {"executed_lines": [], "summary": {"covered_lines": 0, "num_statements": 2, "percent_covered": 0.0, "percent_covered_display": "0.00", "missing_lines": 2, "excluded_lines": 0, "percent_statements_covered": 0.0, "percent_statements_covered_display": "0.00"}, "missing_lines": [3, 9], "excluded_lines": [], "functions": {"": {"executed_lines": [], "summary": {"covered_lines": 0, "num_statements": 2, "percent_covered": 0.0, "percent_covered_display": "0.00", "missing_lines": 2, "excluded_lines": 0, "percent_statements_covered": 0.0, "percent_statements_covered_display": "0.00"}, "missing_lines": [3, 9], "excluded_lines": [], "start_line": 1}}, "classes": {"": {"executed_lines": [], "summary": {"covered_lines": 0, "num_statements": 2, "percent_covered": 0.0, "percent_covered_display": "0.00", "missing_lines": 2, "excluded_lines": 0, "percent_statements_covered": 0.0, "percent_statements_covered_display": "0.00"}, "missing_lines": [3, 9], "excluded_lines": [], "start_line": 1}}}, "backend/app/analytics/comparative_analysis.py": {"executed_lines": [], "summary": {"covered_lines": 0, "num_statements": 198, "percent_covered": 0.0, "percent_covered_display": "0.00", "missing_lines": 198, "excluded_lines": 0, "percent_statements_covered": 0.0, "percent_statements_covered_display": "0.00"}, "missing_lines": [19, 20, 21, 22, 23, 24, 26, 27, 29, 30, 33, 34, 36, 37, 38, 39, 42, 43, 44, 45, 46, 47, 48, 49, 50, 51, 52, 53, 56, 57, 60, 61, 64, 65, 67, 68, 69, 70, 71, 74, 75, 76, 77, 78, 79, 82, 83, 86, 87, 90, 91, 94, 105, 107, 108, 110, 131, 134, 137, 138, 141, 142, 145, 146, 148, 149, 153, 155, 158, 159, 160, 161, 162, 163, 164, 165, 166, 167, 169, 170, 171, 174, 175, 179, 181, 184, 185, 187, 190, 191, 192, 194, 196, 199, 200, 202, 205, 206, 207, 208, 211, 240, 244, 249, 251, 266, 269, 270, 272, 273, 274, 279, 280, 281, 283, 284, 285, 286, 288, 289, 290, 293, 295, 296, 297, 299, 300, 301, 302, 303, 304, 307, 308, 311, 312, 313, 314, 315, 316, 318, 321, 325, 328, 329, 330, 331, 337, 338, 339, 345, 346, 347, 353, 354, 355, 361, 362, 369, 370, 371, 373, 374, 376, 377, 379, 380, 382, 383, 385, 386, 388, 416, 421, 423, 440, 443, 445, 446, 447, 450, 451, 452, 453, 456, 458, 463, 465, 481, 482, 483, 486, 487, 488, 493, 494, 497, 500, 552], "excluded_lines": [], "functions": {"ComparativeAnalysisService.__init__": {"executed_lines": [], "summary": {"covered_lines": 0, "num_statements": 2, "percent_covered": 0.0, "percent_covered_display": "0.00", "missing_lines": 2, "excluded_lines": 0, "percent_statements_covered": 0.0, "percent_statements_covered_display": "0.00"}, "missing_lines": [107, 108], "excluded_lines": [], "start_line": 105}, "ComparativeAnalysisService.build_baseline_profile": {"executed_lines": [], "summary": {"covered_lines": 0, "num_statements": 48, "percent_covered": 0.0, "percent_covered_display": "0.00", "missing_lines": 48, "excluded_lines": 0, "percent_statements_covered": 0.0, "percent_statements_covered_display": "0.00"}, "missing_lines": [131, 134, 137, 138, 141, 142, 145, 146, 148, 149, 153, 155, 158, 159, 160, 161, 162, 163, 164, 165, 166, 167, 169, 170, 171, 174, 175, 179, 181, 184, 185, 187, 190, 191, 192, 194, 196, 199, 200, 202, 205, 206, 207, 208, 211, 240, 244, 249], "excluded_lines": [], "start_line": 110}, "ComparativeAnalysisService.compare_scan_to_baseline": {"executed_lines": [], "summary": {"covered_lines": 0, "num_statements": 65, "percent_covered": 0.0, "percent_covered_display": "0.00", "missing_lines": 65, "excluded_lines": 0, "percent_statements_covered": 0.0, "percent_statements_covered_display": "0.00"}, "missing_lines": [266, 269, 270, 272, 273, 274, 279, 280, 281, 283, 284, 285, 286, 288, 289, 290, 293, 299, 300, 301, 302, 303, 304, 307, 308, 311, 312, 313, 314, 315, 316, 318, 321, 325, 328, 329, 330, 331, 337, 338, 339, 345, 346, 347, 353, 354, 355, 361, 362, 369, 370, 371, 373, 374, 376, 377, 379, 380, 382, 383, 385, 386, 388, 416, 421], "excluded_lines": [], "start_line": 251}, "ComparativeAnalysisService.compare_scan_to_baseline.z_score": {"executed_lines": [], "summary": {"covered_lines": 0, "num_statements": 3, "percent_covered": 0.0, "percent_covered_display": "0.00", "missing_lines": 3, "excluded_lines": 0, "percent_statements_covered": 0.0, "percent_statements_covered_display": "0.00"}, "missing_lines": [295, 296, 297], "excluded_lines": [], "start_line": 293}, "ComparativeAnalysisService.compare_user_to_baseline": {"executed_lines": [], "summary": {"covered_lines": 0, "num_statements": 12, "percent_covered": 0.0, "percent_covered_display": "0.00", "missing_lines": 12, "excluded_lines": 0, "percent_statements_covered": 0.0, "percent_statements_covered_display": "0.00"}, "missing_lines": [440, 443, 445, 446, 447, 450, 451, 452, 453, 456, 458, 463], "excluded_lines": [], "start_line": 423}, "ComparativeAnalysisService.generate_comparative_report": {"executed_lines": [], "summary": {"covered_lines": 0, "num_statements": 11, "percent_covered": 0.0, "percent_covered_display": "0.00", "missing_lines": 11, "excluded_lines": 0, "percent_statements_covered": 0.0, "percent_statements_covered_display": "0.00"}, "missing_lines": [481, 482, 483, 486, 487, 488, 493, 494, 497, 500, 552], "excluded_lines": [], "start_line": 465}, "": {"executed_lines": [], "summary": {"covered_lines": 0, "num_statements": 57, "percent_covered": 0.0, "percent_covered_display": "0.00", "missing_lines": 57, "excluded_lines": 0, "percent_statements_covered": 0.0, "percent_statements_covered_display": "0.00"}, "missing_lines": [19, 20, 21, 22, 23, 24, 26, 27, 29, 30, 33, 34, 36, 37, 38, 39, 42, 43, 44, 45, 46, 47, 48, 49, 50, 51, 52, 53, 56, 57, 60, 61, 64, 65, 67, 68, 69, 70, 71, 74, 75, 76, 77, 78, 79, 82, 83, 86, 87, 90, 91, 94, 105, 110, 251, 423, 465], "excluded_lines": [], "start_line": 1}}, "classes": {"BaselineProfile": {"executed_lines": [], "summary": {"covered_lines": 0, "num_statements": 0, "percent_covered": 100.0, "percent_covered_display": "100.00", "missing_lines": 0, "excluded_lines": 0, "percent_statements_covered": 100.0, "percent_statements_covered_display": "100.00"}, "missing_lines": [], "excluded_lines": [], "start_line": 34}, "ComparisonResult": {"executed_lines": [], "summary": {"covered_lines": 0, "num_statements": 0, "percent_covered": 100.0, "percent_covered_display": "100.00", "missing_lines": 0, "excluded_lines": 0, "percent_statements_covered": 100.0, "percent_statements_covered_display": "100.00"}, "missing_lines": [], "excluded_lines": [], "start_line": 65}, "ComparativeAnalysisService": {"executed_lines": [], "summary": {"covered_lines": 0, "num_statements": 141, "percent_covered": 0.0, "percent_covered_display": "0.00", "missing_lines": 141, "excluded_lines": 0, "percent_statements_covered": 0.0, "percent_statements_covered_display": "0.00"}, "missing_lines": [107, 108, 131, 134, 137, 138, 141, 142, 145, 146, 148, 149, 153, 155, 158, 159, 160, 161, 162, 163, 164, 165, 166, 167, 169, 170, 171, 174, 175, 179, 181, 184, 185, 187, 190, 191, 192, 194, 196, 199, 200, 202, 205, 206, 207, 208, 211, 240, 244, 249, 266, 269, 270, 272, 273, 274, 279, 280, 281, 283, 284, 285, 286, 288, 289, 290, 293, 295, 296, 297, 299, 300, 301, 302, 303, 304, 307, 308, 311, 312, 313, 314, 315, 316, 318, 321, 325, 328, 329, 330, 331, 337, 338, 339, 345, 346, 347, 353, 354, 355, 361, 362, 369, 370, 371, 373, 374, 376, 377, 379, 380, 382, 383, 385, 386, 388, 416, 421, 440, 443, 445, 446, 447, 450, 451, 452, 453, 456, 458, 463, 481, 482, 483, 486, 487, 488, 493, 494, 497, 500, 552], "excluded_lines": [], "start_line": 94}, "": {"executed_lines": [], "summary": {"covered_lines": 0, "num_statements": 57, "percent_covered": 0.0, "percent_covered_display": "0.00", "missing_lines": 57, "excluded_lines": 0, "percent_statements_covered": 0.0, "percent_statements_covered_display": "0.00"}, "missing_lines": [19, 20, 21, 22, 23, 24, 26, 27, 29, 30, 33, 34, 36, 37, 38, 39, 42, 43, 44, 45, 46, 47, 48, 49, 50, 51, 52, 53, 56, 57, 60, 61, 64, 65, 67, 68, 69, 70, 71, 74, 75, 76, 77, 78, 79, 82, 83, 86, 87, 90, 91, 94, 105, 110, 251, 423, 465], "excluded_lines": [], "start_line": 1}}}, "backend/app/api/__init__.py": {"executed_lines": [], "summary": {"covered_lines": 0, "num_statements": 2, "percent_covered": 0.0, "percent_covered_display": "0.00", "missing_lines": 2, "excluded_lines": 0, "percent_statements_covered": 0.0, "percent_statements_covered_display": "0.00"}, "missing_lines": [4, 6], "excluded_lines": [], "functions": {"": {"executed_lines": [], "summary": {"covered_lines": 0, "num_statements": 2, "percent_covered": 0.0, "percent_covered_display": "0.00", "missing_lines": 2, "excluded_lines": 0, "percent_statements_covered": 0.0, "percent_statements_covered_display": "0.00"}, "missing_lines": [4, 6], "excluded_lines": [], "start_line": 1}}, "classes": {"": {"executed_lines": [], "summary": {"covered_lines": 0, "num_statements": 2, "percent_covered": 0.0, "percent_covered_display": "0.00", "missing_lines": 2, "excluded_lines": 0, "percent_statements_covered": 0.0, "percent_statements_covered_display": "0.00"}, "missing_lines": [4, 6], "excluded_lines": [], "start_line": 1}}}, "backend/app/api/routes/__init__.py": {"executed_lines": [], "summary": {"covered_lines": 0, "num_statements": 2, "percent_covered": 0.0, "percent_covered_display": "0.00", "missing_lines": 2, "excluded_lines": 0, "percent_statements_covered": 0.0, "percent_statements_covered_display": "0.00"}, "missing_lines": [7, 9], "excluded_lines": [], "functions": {"": {"executed_lines": [], "summary": {"covered_lines": 0, "num_statements": 2, "percent_covered": 0.0, "percent_covered_display": "0.00", "missing_lines": 2, "excluded_lines": 0, "percent_statements_covered": 0.0, "percent_statements_covered_display": "0.00"}, "missing_lines": [7, 9], "excluded_lines": [], "start_line": 1}}, "classes": {"": {"executed_lines": [], "summary": {"covered_lines": 0, "num_statements": 2, "percent_covered": 0.0, "percent_covered_display": "0.00", "missing_lines": 2, "excluded_lines": 0, "percent_statements_covered": 0.0, "percent_statements_covered_display": "0.00"}, "missing_lines": [7, 9], "excluded_lines": [], "start_line": 1}}}, "backend/app/api/routes/activities.py": {"executed_lines": [], "summary": {"covered_lines": 0, "num_statements": 168, "percent_covered": 0.0, "percent_covered_display": "0.00", "missing_lines": 168, "excluded_lines": 0, "percent_statements_covered": 0.0, "percent_statements_covered_display": "0.00"}, "missing_lines": [5, 6, 8, 9, 11, 12, 23, 26, 27, 33, 35, 36, 38, 40, 43, 44, 46, 49, 50, 53, 54, 55, 56, 61, 69, 70, 71, 74, 75, 84, 86, 87, 89, 90, 91, 92, 94, 95, 96, 97, 98, 99, 100, 101, 102, 103, 104, 106, 109, 110, 113, 114, 117, 122, 123, 124, 127, 128, 135, 137, 138, 140, 141, 142, 143, 144, 146, 148, 149, 150, 151, 152, 155, 156, 165, 166, 169, 170, 171, 177, 179, 180, 182, 183, 185, 195, 196, 199, 202, 203, 204, 205, 206, 207, 209, 215, 217, 219, 227, 228, 234, 235, 236, 238, 240, 241, 243, 245, 246, 247, 249, 250, 251, 252, 253, 254, 255, 256, 257, 258, 259, 261, 264, 265, 268, 269, 270, 273, 274, 275, 276, 277, 278, 279, 280, 281, 283, 286, 288, 295, 296, 297, 298, 299, 302, 303, 307, 309, 310, 312, 313, 315, 316, 319, 320, 321, 322, 323, 324, 325, 326, 328, 329, 330, 335, 342, 343, 344], "excluded_lines": [], "functions": {"parse_database": {"executed_lines": [], "summary": {"covered_lines": 0, "num_statements": 18, "percent_covered": 0.0, "percent_covered_display": "0.00", "missing_lines": 18, "excluded_lines": 0, "percent_statements_covered": 0.0, "percent_statements_covered_display": "0.00"}, "missing_lines": [33, 35, 36, 38, 40, 43, 44, 46, 49, 50, 53, 54, 55, 56, 61, 69, 70, 71], "excluded_lines": [], "start_line": 27}, "query_activities": {"executed_lines": [], "summary": {"covered_lines": 0, "num_statements": 27, "percent_covered": 0.0, "percent_covered_display": "0.00", "missing_lines": 27, "excluded_lines": 0, "percent_statements_covered": 0.0, "percent_statements_covered_display": "0.00"}, "missing_lines": [84, 86, 87, 89, 90, 91, 92, 94, 95, 96, 97, 98, 99, 100, 101, 102, 103, 104, 106, 109, 110, 113, 114, 117, 122, 123, 124], "excluded_lines": [], "start_line": 75}, "get_activity_by_id": {"executed_lines": [], "summary": {"covered_lines": 0, "num_statements": 14, "percent_covered": 0.0, "percent_covered_display": "0.00", "missing_lines": 14, "excluded_lines": 0, "percent_statements_covered": 0.0, "percent_statements_covered_display": "0.00"}, "missing_lines": [135, 137, 138, 140, 141, 142, 143, 144, 146, 148, 149, 150, 151, 152], "excluded_lines": [], "start_line": 128}, "search_activities": {"executed_lines": [], "summary": {"covered_lines": 0, "num_statements": 24, "percent_covered": 0.0, "percent_covered_display": "0.00", "missing_lines": 24, "excluded_lines": 0, "percent_statements_covered": 0.0, "percent_statements_covered_display": "0.00"}, "missing_lines": [165, 166, 169, 170, 171, 177, 179, 180, 182, 183, 185, 195, 196, 199, 202, 203, 204, 205, 206, 207, 209, 215, 217, 219], "excluded_lines": [], "start_line": 156}, "export_activities": {"executed_lines": [], "summary": {"covered_lines": 0, "num_statements": 44, "percent_covered": 0.0, "percent_covered_display": "0.00", "missing_lines": 44, "excluded_lines": 0, "percent_statements_covered": 0.0, "percent_statements_covered_display": "0.00"}, "missing_lines": [234, 235, 236, 238, 240, 241, 243, 245, 246, 247, 249, 250, 251, 252, 253, 254, 255, 256, 257, 258, 259, 261, 264, 265, 268, 269, 270, 273, 274, 275, 276, 277, 278, 279, 280, 281, 283, 286, 288, 295, 296, 297, 298, 299], "excluded_lines": [], "start_line": 228}, "get_activity_stats": {"executed_lines": [], "summary": {"covered_lines": 0, "num_statements": 22, "percent_covered": 0.0, "percent_covered_display": "0.00", "missing_lines": 22, "excluded_lines": 0, "percent_statements_covered": 0.0, "percent_statements_covered_display": "0.00"}, "missing_lines": [307, 309, 310, 312, 313, 315, 316, 319, 320, 321, 322, 323, 324, 325, 326, 328, 329, 330, 335, 342, 343, 344], "excluded_lines": [], "start_line": 303}, "": {"executed_lines": [], "summary": {"covered_lines": 0, "num_statements": 19, "percent_covered": 0.0, "percent_covered_display": "0.00", "missing_lines": 19, "excluded_lines": 0, "percent_statements_covered": 0.0, "percent_statements_covered_display": "0.00"}, "missing_lines": [5, 6, 8, 9, 11, 12, 23, 26, 27, 74, 75, 127, 128, 155, 156, 227, 228, 302, 303], "excluded_lines": [], "start_line": 1}}, "classes": {"": {"executed_lines": [], "summary": {"covered_lines": 0, "num_statements": 168, "percent_covered": 0.0, "percent_covered_display": "0.00", "missing_lines": 168, "excluded_lines": 0, "percent_statements_covered": 0.0, "percent_statements_covered_display": "0.00"}, "missing_lines": [5, 6, 8, 9, 11, 12, 23, 26, 27, 33, 35, 36, 38, 40, 43, 44, 46, 49, 50, 53, 54, 55, 56, 61, 69, 70, 71, 74, 75, 84, 86, 87, 89, 90, 91, 92, 94, 95, 96, 97, 98, 99, 100, 101, 102, 103, 104, 106, 109, 110, 113, 114, 117, 122, 123, 124, 127, 128, 135, 137, 138, 140, 141, 142, 143, 144, 146, 148, 149, 150, 151, 152, 155, 156, 165, 166, 169, 170, 171, 177, 179, 180, 182, 183, 185, 195, 196, 199, 202, 203, 204, 205, 206, 207, 209, 215, 217, 219, 227, 228, 234, 235, 236, 238, 240, 241, 243, 245, 246, 247, 249, 250, 251, 252, 253, 254, 255, 256, 257, 258, 259, 261, 264, 265, 268, 269, 270, 273, 274, 275, 276, 277, 278, 279, 280, 281, 283, 286, 288, 295, 296, 297, 298, 299, 302, 303, 307, 309, 310, 312, 313, 315, 316, 319, 320, 321, 322, 323, 324, 325, 326, 328, 329, 330, 335, 342, 343, 344], "excluded_lines": [], "start_line": 1}}}, "backend/app/api/routes/analytics.py": {"executed_lines": [], "summary": {"covered_lines": 0, "num_statements": 415, "percent_covered": 0.0, "percent_covered_display": "0.00", "missing_lines": 415, "excluded_lines": 0, "percent_statements_covered": 0.0, "percent_statements_covered_display": "0.00"}, "missing_lines": [5, 6, 7, 8, 10, 11, 12, 13, 15, 16, 22, 34, 41, 44, 45, 69, 71, 72, 77, 78, 79, 80, 81, 83, 84, 90, 92, 93, 99, 100, 101, 104, 105, 106, 116, 117, 122, 131, 132, 133, 134, 135, 141, 142, 158, 159, 165, 166, 167, 172, 173, 174, 175, 177, 178, 181, 192, 193, 194, 197, 198, 200, 202, 203, 204, 206, 209, 210, 211, 214, 215, 216, 218, 224, 233, 241, 242, 244, 245, 246, 247, 248, 254, 255, 276, 277, 283, 284, 285, 290, 291, 292, 293, 295, 296, 299, 310, 311, 312, 315, 316, 319, 320, 322, 323, 324, 327, 330, 331, 333, 341, 342, 343, 344, 346, 349, 352, 353, 356, 357, 358, 363, 366, 376, 377, 378, 385, 393, 394, 396, 397, 398, 399, 400, 406, 407, 429, 430, 431, 438, 445, 446, 450, 451, 452, 458, 459, 479, 481, 487, 488, 489, 495, 496, 518, 519, 520, 526, 535, 536, 540, 541, 542, 548, 549, 584, 585, 586, 592, 593, 594, 599, 600, 601, 602, 604, 605, 612, 625, 626, 628, 631, 633, 637, 638, 639, 640, 641, 642, 643, 656, 658, 659, 661, 662, 663, 665, 666, 668, 681, 683, 684, 685, 687, 688, 689, 690, 691, 692, 704, 706, 714, 715, 716, 717, 721, 722, 723, 729, 730, 783, 784, 786, 787, 788, 794, 796, 797, 798, 799, 800, 802, 803, 811, 824, 825, 827, 831, 832, 833, 848, 849, 850, 851, 852, 865, 866, 867, 868, 869, 882, 885, 886, 887, 901, 903, 904, 905, 906, 908, 909, 910, 911, 925, 926, 929, 930, 931, 932, 934, 936, 938, 940, 952, 953, 954, 955, 956, 962, 963, 986, 988, 989, 994, 996, 998, 999, 1000, 1001, 1002, 1003, 1006, 1007, 1009, 1010, 1014, 1016, 1018, 1019, 1020, 1026, 1027, 1047, 1048, 1054, 1055, 1056, 1061, 1062, 1063, 1064, 1066, 1067, 1073, 1084, 1085, 1086, 1094, 1096, 1097, 1102, 1103, 1112, 1114, 1116, 1117, 1119, 1120, 1121, 1122, 1132, 1133, 1134, 1136, 1139, 1146, 1147, 1156, 1157, 1160, 1167, 1169, 1171, 1179, 1180, 1181, 1182, 1183, 1189, 1190, 1218, 1219, 1221, 1222, 1223, 1225, 1228, 1229, 1230, 1236, 1237, 1238, 1240, 1241, 1242, 1243, 1244, 1245, 1246, 1248, 1249, 1255, 1258, 1264, 1265, 1266, 1277, 1278, 1285, 1286, 1287, 1288, 1301, 1302, 1308, 1309, 1311, 1312, 1313, 1314, 1315, 1316, 1318, 1319, 1320, 1321, 1323, 1324, 1325, 1328, 1329, 1330, 1331, 1332, 1333, 1334, 1336, 1338, 1340, 1343, 1359, 1360, 1361, 1362, 1363], "excluded_lines": [], "functions": {"get_analytics_summary": {"executed_lines": [], "summary": {"covered_lines": 0, "num_statements": 27, "percent_covered": 0.0, "percent_covered_display": "0.00", "missing_lines": 27, "excluded_lines": 0, "percent_statements_covered": 0.0, "percent_statements_covered_display": "0.00"}, "missing_lines": [69, 71, 72, 77, 78, 79, 80, 81, 83, 84, 90, 92, 93, 99, 100, 101, 104, 105, 106, 116, 117, 122, 131, 132, 133, 134, 135], "excluded_lines": [], "start_line": 45}, "detect_anomalies": {"executed_lines": [], "summary": {"covered_lines": 0, "num_statements": 38, "percent_covered": 0.0, "percent_covered_display": "0.00", "missing_lines": 38, "excluded_lines": 0, "percent_statements_covered": 0.0, "percent_statements_covered_display": "0.00"}, "missing_lines": [158, 159, 165, 166, 167, 172, 173, 174, 175, 177, 178, 181, 192, 193, 194, 197, 198, 200, 202, 203, 204, 206, 209, 210, 211, 214, 215, 216, 218, 224, 233, 241, 242, 244, 245, 246, 247, 248], "excluded_lines": [], "start_line": 142}, "cluster_activities": {"executed_lines": [], "summary": {"covered_lines": 0, "num_statements": 50, "percent_covered": 0.0, "percent_covered_display": "0.00", "missing_lines": 50, "excluded_lines": 0, "percent_statements_covered": 0.0, "percent_statements_covered_display": "0.00"}, "missing_lines": [276, 277, 283, 284, 285, 290, 291, 292, 293, 295, 296, 299, 310, 311, 312, 315, 316, 319, 320, 322, 323, 324, 327, 330, 331, 333, 341, 342, 343, 344, 346, 349, 352, 353, 356, 357, 358, 363, 366, 376, 377, 378, 385, 393, 394, 396, 397, 398, 399, 400], "excluded_lines": [], "start_line": 255}, "get_activity_timeline": {"executed_lines": [], "summary": {"covered_lines": 0, "num_statements": 9, "percent_covered": 0.0, "percent_covered_display": "0.00", "missing_lines": 9, "excluded_lines": 0, "percent_statements_covered": 0.0, "percent_statements_covered_display": "0.00"}, "missing_lines": [429, 430, 431, 438, 445, 446, 450, 451, 452], "excluded_lines": [], "start_line": 407}, "get_app_usage_stats": {"executed_lines": [], "summary": {"covered_lines": 0, "num_statements": 5, "percent_covered": 0.0, "percent_covered_display": "0.00", "missing_lines": 5, "excluded_lines": 0, "percent_statements_covered": 0.0, "percent_statements_covered_display": "0.00"}, "missing_lines": [479, 481, 487, 488, 489], "excluded_lines": [], "start_line": 459}, "calculate_productivity_score": {"executed_lines": [], "summary": {"covered_lines": 0, "num_statements": 9, "percent_covered": 0.0, "percent_covered_display": "0.00", "missing_lines": 9, "excluded_lines": 0, "percent_statements_covered": 0.0, "percent_statements_covered_display": "0.00"}, "missing_lines": [518, 519, 520, 526, 535, 536, 540, 541, 542], "excluded_lines": [], "start_line": 496}, "identify_patterns": {"executed_lines": [], "summary": {"covered_lines": 0, "num_statements": 53, "percent_covered": 0.0, "percent_covered_display": "0.00", "missing_lines": 53, "excluded_lines": 0, "percent_statements_covered": 0.0, "percent_statements_covered_display": "0.00"}, "missing_lines": [584, 585, 586, 592, 593, 594, 599, 600, 601, 602, 604, 605, 612, 625, 626, 628, 631, 633, 637, 638, 639, 640, 641, 642, 643, 656, 658, 659, 661, 662, 663, 665, 666, 668, 681, 683, 684, 685, 687, 688, 689, 690, 691, 692, 704, 706, 714, 715, 716, 717, 721, 722, 723], "excluded_lines": [], "start_line": 549}, "detect_suspicious_behavior": {"executed_lines": [], "summary": {"covered_lines": 0, "num_statements": 58, "percent_covered": 0.0, "percent_covered_display": "0.00", "missing_lines": 58, "excluded_lines": 0, "percent_statements_covered": 0.0, "percent_statements_covered_display": "0.00"}, "missing_lines": [783, 784, 786, 787, 788, 794, 796, 797, 798, 799, 800, 802, 803, 811, 824, 825, 827, 831, 832, 833, 848, 849, 850, 851, 852, 865, 866, 867, 868, 869, 882, 885, 886, 887, 901, 903, 904, 905, 906, 908, 909, 910, 911, 925, 926, 929, 930, 931, 932, 934, 936, 938, 940, 952, 953, 954, 955, 956], "excluded_lines": [], "start_line": 730}, "get_activity_heatmap": {"executed_lines": [], "summary": {"covered_lines": 0, "num_statements": 20, "percent_covered": 0.0, "percent_covered_display": "0.00", "missing_lines": 20, "excluded_lines": 0, "percent_statements_covered": 0.0, "percent_statements_covered_display": "0.00"}, "missing_lines": [986, 988, 989, 994, 996, 998, 999, 1000, 1001, 1002, 1003, 1006, 1007, 1009, 1010, 1014, 1016, 1018, 1019, 1020], "excluded_lines": [], "start_line": 963}, "generate_predictions": {"executed_lines": [], "summary": {"covered_lines": 0, "num_statements": 46, "percent_covered": 0.0, "percent_covered_display": "0.00", "missing_lines": 46, "excluded_lines": 0, "percent_statements_covered": 0.0, "percent_statements_covered_display": "0.00"}, "missing_lines": [1047, 1048, 1054, 1055, 1056, 1061, 1062, 1063, 1064, 1066, 1067, 1073, 1084, 1085, 1086, 1094, 1096, 1097, 1102, 1103, 1112, 1114, 1116, 1117, 1119, 1120, 1121, 1122, 1132, 1133, 1134, 1136, 1139, 1146, 1147, 1156, 1157, 1160, 1167, 1169, 1171, 1179, 1180, 1181, 1182, 1183], "excluded_lines": [], "start_line": 1027}, "analyze_sentiment": {"executed_lines": [], "summary": {"covered_lines": 0, "num_statements": 65, "percent_covered": 0.0, "percent_covered_display": "0.00", "missing_lines": 65, "excluded_lines": 0, "percent_statements_covered": 0.0, "percent_statements_covered_display": "0.00"}, "missing_lines": [1218, 1219, 1221, 1222, 1223, 1225, 1228, 1229, 1230, 1236, 1237, 1238, 1240, 1241, 1242, 1243, 1244, 1245, 1246, 1248, 1249, 1255, 1258, 1264, 1265, 1266, 1277, 1278, 1285, 1286, 1287, 1288, 1301, 1302, 1308, 1309, 1311, 1312, 1313, 1314, 1315, 1316, 1318, 1319, 1320, 1321, 1323, 1324, 1325, 1328, 1329, 1330, 1331, 1332, 1333, 1334, 1336, 1338, 1340, 1343, 1359, 1360, 1361, 1362, 1363], "excluded_lines": [], "start_line": 1190}, "": {"executed_lines": [], "summary": {"covered_lines": 0, "num_statements": 35, "percent_covered": 0.0, "percent_covered_display": "0.00", "missing_lines": 35, "excluded_lines": 0, "percent_statements_covered": 0.0, "percent_statements_covered_display": "0.00"}, "missing_lines": [5, 6, 7, 8, 10, 11, 12, 13, 15, 16, 22, 34, 41, 44, 45, 141, 142, 254, 255, 406, 407, 458, 459, 495, 496, 548, 549, 729, 730, 962, 963, 1026, 1027, 1189, 1190], "excluded_lines": [], "start_line": 1}}, "classes": {"": {"executed_lines": [], "summary": {"covered_lines": 0, "num_statements": 415, "percent_covered": 0.0, "percent_covered_display": "0.00", "missing_lines": 415, "excluded_lines": 0, "percent_statements_covered": 0.0, "percent_statements_covered_display": "0.00"}, "missing_lines": [5, 6, 7, 8, 10, 11, 12, 13, 15, 16, 22, 34, 41, 44, 45, 69, 71, 72, 77, 78, 79, 80, 81, 83, 84, 90, 92, 93, 99, 100, 101, 104, 105, 106, 116, 117, 122, 131, 132, 133, 134, 135, 141, 142, 158, 159, 165, 166, 167, 172, 173, 174, 175, 177, 178, 181, 192, 193, 194, 197, 198, 200, 202, 203, 204, 206, 209, 210, 211, 214, 215, 216, 218, 224, 233, 241, 242, 244, 245, 246, 247, 248, 254, 255, 276, 277, 283, 284, 285, 290, 291, 292, 293, 295, 296, 299, 310, 311, 312, 315, 316, 319, 320, 322, 323, 324, 327, 330, 331, 333, 341, 342, 343, 344, 346, 349, 352, 353, 356, 357, 358, 363, 366, 376, 377, 378, 385, 393, 394, 396, 397, 398, 399, 400, 406, 407, 429, 430, 431, 438, 445, 446, 450, 451, 452, 458, 459, 479, 481, 487, 488, 489, 495, 496, 518, 519, 520, 526, 535, 536, 540, 541, 542, 548, 549, 584, 585, 586, 592, 593, 594, 599, 600, 601, 602, 604, 605, 612, 625, 626, 628, 631, 633, 637, 638, 639, 640, 641, 642, 643, 656, 658, 659, 661, 662, 663, 665, 666, 668, 681, 683, 684, 685, 687, 688, 689, 690, 691, 692, 704, 706, 714, 715, 716, 717, 721, 722, 723, 729, 730, 783, 784, 786, 787, 788, 794, 796, 797, 798, 799, 800, 802, 803, 811, 824, 825, 827, 831, 832, 833, 848, 849, 850, 851, 852, 865, 866, 867, 868, 869, 882, 885, 886, 887, 901, 903, 904, 905, 906, 908, 909, 910, 911, 925, 926, 929, 930, 931, 932, 934, 936, 938, 940, 952, 953, 954, 955, 956, 962, 963, 986, 988, 989, 994, 996, 998, 999, 1000, 1001, 1002, 1003, 1006, 1007, 1009, 1010, 1014, 1016, 1018, 1019, 1020, 1026, 1027, 1047, 1048, 1054, 1055, 1056, 1061, 1062, 1063, 1064, 1066, 1067, 1073, 1084, 1085, 1086, 1094, 1096, 1097, 1102, 1103, 1112, 1114, 1116, 1117, 1119, 1120, 1121, 1122, 1132, 1133, 1134, 1136, 1139, 1146, 1147, 1156, 1157, 1160, 1167, 1169, 1171, 1179, 1180, 1181, 1182, 1183, 1189, 1190, 1218, 1219, 1221, 1222, 1223, 1225, 1228, 1229, 1230, 1236, 1237, 1238, 1240, 1241, 1242, 1243, 1244, 1245, 1246, 1248, 1249, 1255, 1258, 1264, 1265, 1266, 1277, 1278, 1285, 1286, 1287, 1288, 1301, 1302, 1308, 1309, 1311, 1312, 1313, 1314, 1315, 1316, 1318, 1319, 1320, 1321, 1323, 1324, 1325, 1328, 1329, 1330, 1331, 1332, 1333, 1334, 1336, 1338, 1340, 1343, 1359, 1360, 1361, 1362, 1363], "excluded_lines": [], "start_line": 1}}}, "backend/app/api/routes/auth.py": {"executed_lines": [], "summary": {"covered_lines": 0, "num_statements": 187, "percent_covered": 0.0, "percent_covered_display": "0.00", "missing_lines": 187, "excluded_lines": 0, "percent_statements_covered": 0.0, "percent_statements_covered_display": "0.00"}, "missing_lines": [11, 12, 14, 15, 16, 17, 19, 30, 34, 35, 36, 37, 54, 62, 69, 88, 89, 90, 96, 99, 100, 106, 109, 110, 116, 117, 126, 127, 128, 130, 132, 140, 146, 163, 168, 170, 171, 177, 178, 184, 185, 191, 195, 198, 200, 206, 209, 211, 213, 215, 224, 230, 242, 244, 245, 247, 248, 254, 256, 257, 264, 266, 267, 273, 274, 280, 281, 283, 284, 290, 295, 297, 304, 310, 321, 323, 326, 332, 334, 335, 336, 338, 346, 352, 365, 366, 368, 369, 371, 372, 374, 380, 386, 390, 393, 399, 405, 406, 408, 409, 414, 417, 423, 437, 438, 440, 441, 447, 449, 452, 453, 457, 459, 460, 462, 463, 465, 467, 468, 470, 472, 475, 481, 488, 489, 494, 495, 497, 498, 503, 504, 506, 509, 515, 529, 530, 536, 537, 538, 544, 545, 547, 549, 557, 564, 587, 590, 593, 603, 604, 605, 607, 613, 614, 616, 619, 625, 634, 637, 639, 642, 644, 650, 656, 670, 673, 675, 676, 682, 683, 685, 686, 688, 689, 691, 692, 694, 696, 699, 705, 711, 714, 716, 717, 722, 723, 725], "excluded_lines": [], "functions": {"register_user": {"executed_lines": [], "summary": {"covered_lines": 0, "num_statements": 16, "percent_covered": 0.0, "percent_covered_display": "0.00", "missing_lines": 16, "excluded_lines": 0, "percent_statements_covered": 0.0, "percent_statements_covered_display": "0.00"}, "missing_lines": [88, 89, 90, 96, 99, 100, 106, 109, 110, 116, 117, 126, 127, 128, 130, 132], "excluded_lines": [], "start_line": 69}, "login": {"executed_lines": [], "summary": {"covered_lines": 0, "num_statements": 17, "percent_covered": 0.0, "percent_covered_display": "0.00", "missing_lines": 17, "excluded_lines": 0, "percent_statements_covered": 0.0, "percent_statements_covered_display": "0.00"}, "missing_lines": [163, 168, 170, 171, 177, 178, 184, 185, 191, 195, 198, 200, 206, 209, 211, 213, 215], "excluded_lines": [], "start_line": 146}, "refresh_access_token": {"executed_lines": [], "summary": {"covered_lines": 0, "num_statements": 20, "percent_covered": 0.0, "percent_covered_display": "0.00", "missing_lines": 20, "excluded_lines": 0, "percent_statements_covered": 0.0, "percent_statements_covered_display": "0.00"}, "missing_lines": [242, 244, 245, 247, 248, 254, 256, 257, 264, 266, 267, 273, 274, 280, 281, 283, 284, 290, 295, 297], "excluded_lines": [], "start_line": 230}, "logout": {"executed_lines": [], "summary": {"covered_lines": 0, "num_statements": 8, "percent_covered": 0.0, "percent_covered_display": "0.00", "missing_lines": 8, "excluded_lines": 0, "percent_statements_covered": 0.0, "percent_statements_covered_display": "0.00"}, "missing_lines": [321, 323, 326, 332, 334, 335, 336, 338], "excluded_lines": [], "start_line": 310}, "list_users": {"executed_lines": [], "summary": {"covered_lines": 0, "num_statements": 7, "percent_covered": 0.0, "percent_covered_display": "0.00", "missing_lines": 7, "excluded_lines": 0, "percent_statements_covered": 0.0, "percent_statements_covered_display": "0.00"}, "missing_lines": [365, 366, 368, 369, 371, 372, 374], "excluded_lines": [], "start_line": 352}, "get_current_user_profile": {"executed_lines": [], "summary": {"covered_lines": 0, "num_statements": 1, "percent_covered": 0.0, "percent_covered_display": "0.00", "missing_lines": 1, "excluded_lines": 0, "percent_statements_covered": 0.0, "percent_statements_covered_display": "0.00"}, "missing_lines": [390], "excluded_lines": [], "start_line": 386}, "get_user": {"executed_lines": [], "summary": {"covered_lines": 0, "num_statements": 5, "percent_covered": 0.0, "percent_covered_display": "0.00", "missing_lines": 5, "excluded_lines": 0, "percent_statements_covered": 0.0, "percent_statements_covered_display": "0.00"}, "missing_lines": [405, 406, 408, 409, 414], "excluded_lines": [], "start_line": 399}, "update_user": {"executed_lines": [], "summary": {"covered_lines": 0, "num_statements": 18, "percent_covered": 0.0, "percent_covered_display": "0.00", "missing_lines": 18, "excluded_lines": 0, "percent_statements_covered": 0.0, "percent_statements_covered_display": "0.00"}, "missing_lines": [437, 438, 440, 441, 447, 449, 452, 453, 457, 459, 460, 462, 463, 465, 467, 468, 470, 472], "excluded_lines": [], "start_line": 423}, "delete_user": {"executed_lines": [], "summary": {"covered_lines": 0, "num_statements": 9, "percent_covered": 0.0, "percent_covered_display": "0.00", "missing_lines": 9, "excluded_lines": 0, "percent_statements_covered": 0.0, "percent_statements_covered_display": "0.00"}, "missing_lines": [488, 489, 494, 495, 497, 498, 503, 504, 506], "excluded_lines": [], "start_line": 481}, "change_password": {"executed_lines": [], "summary": {"covered_lines": 0, "num_statements": 9, "percent_covered": 0.0, "percent_covered_display": "0.00", "missing_lines": 9, "excluded_lines": 0, "percent_statements_covered": 0.0, "percent_statements_covered_display": "0.00"}, "missing_lines": [529, 530, 536, 537, 538, 544, 545, 547, 549], "excluded_lines": [], "start_line": 515}, "create_api_key": {"executed_lines": [], "summary": {"covered_lines": 0, "num_statements": 10, "percent_covered": 0.0, "percent_covered_display": "0.00", "missing_lines": 10, "excluded_lines": 0, "percent_statements_covered": 0.0, "percent_statements_covered_display": "0.00"}, "missing_lines": [587, 590, 593, 603, 604, 605, 607, 613, 614, 616], "excluded_lines": [], "start_line": 564}, "list_api_keys": {"executed_lines": [], "summary": {"covered_lines": 0, "num_statements": 5, "percent_covered": 0.0, "percent_covered_display": "0.00", "missing_lines": 5, "excluded_lines": 0, "percent_statements_covered": 0.0, "percent_statements_covered_display": "0.00"}, "missing_lines": [634, 637, 639, 642, 644], "excluded_lines": [], "start_line": 625}, "update_api_key": {"executed_lines": [], "summary": {"covered_lines": 0, "num_statements": 14, "percent_covered": 0.0, "percent_covered_display": "0.00", "missing_lines": 14, "excluded_lines": 0, "percent_statements_covered": 0.0, "percent_statements_covered_display": "0.00"}, "missing_lines": [670, 673, 675, 676, 682, 683, 685, 686, 688, 689, 691, 692, 694, 696], "excluded_lines": [], "start_line": 656}, "delete_api_key": {"executed_lines": [], "summary": {"covered_lines": 0, "num_statements": 7, "percent_covered": 0.0, "percent_covered_display": "0.00", "missing_lines": 7, "excluded_lines": 0, "percent_statements_covered": 0.0, "percent_statements_covered_display": "0.00"}, "missing_lines": [711, 714, 716, 717, 722, 723, 725], "excluded_lines": [], "start_line": 705}, "": {"executed_lines": [], "summary": {"covered_lines": 0, "num_statements": 41, "percent_covered": 0.0, "percent_covered_display": "0.00", "missing_lines": 41, "excluded_lines": 0, "percent_statements_covered": 0.0, "percent_statements_covered_display": "0.00"}, "missing_lines": [11, 12, 14, 15, 16, 17, 19, 30, 34, 35, 36, 37, 54, 62, 69, 140, 146, 224, 230, 304, 310, 346, 352, 380, 386, 393, 399, 417, 423, 475, 481, 509, 515, 557, 564, 619, 625, 650, 656, 699, 705], "excluded_lines": [], "start_line": 1}}, "classes": {"": {"executed_lines": [], "summary": {"covered_lines": 0, "num_statements": 187, "percent_covered": 0.0, "percent_covered_display": "0.00", "missing_lines": 187, "excluded_lines": 0, "percent_statements_covered": 0.0, "percent_statements_covered_display": "0.00"}, "missing_lines": [11, 12, 14, 15, 16, 17, 19, 30, 34, 35, 36, 37, 54, 62, 69, 88, 89, 90, 96, 99, 100, 106, 109, 110, 116, 117, 126, 127, 128, 130, 132, 140, 146, 163, 168, 170, 171, 177, 178, 184, 185, 191, 195, 198, 200, 206, 209, 211, 213, 215, 224, 230, 242, 244, 245, 247, 248, 254, 256, 257, 264, 266, 267, 273, 274, 280, 281, 283, 284, 290, 295, 297, 304, 310, 321, 323, 326, 332, 334, 335, 336, 338, 346, 352, 365, 366, 368, 369, 371, 372, 374, 380, 386, 390, 393, 399, 405, 406, 408, 409, 414, 417, 423, 437, 438, 440, 441, 447, 449, 452, 453, 457, 459, 460, 462, 463, 465, 467, 468, 470, 472, 475, 481, 488, 489, 494, 495, 497, 498, 503, 504, 506, 509, 515, 529, 530, 536, 537, 538, 544, 545, 547, 549, 557, 564, 587, 590, 593, 603, 604, 605, 607, 613, 614, 616, 619, 625, 634, 637, 639, 642, 644, 650, 656, 670, 673, 675, 676, 682, 683, 685, 686, 688, 689, 691, 692, 694, 696, 699, 705, 711, 714, 716, 717, 722, 723, 725], "excluded_lines": [], "start_line": 1}}}, "backend/app/api/routes/export.py": {"executed_lines": [], "summary": {"covered_lines": 0, "num_statements": 154, "percent_covered": 0.0, "percent_covered_display": "0.00", "missing_lines": 154, "excluded_lines": 0, "percent_statements_covered": 0.0, "percent_statements_covered_display": "0.00"}, "missing_lines": [5, 6, 7, 8, 10, 11, 12, 13, 15, 16, 23, 26, 27, 54, 55, 58, 59, 60, 66, 67, 68, 69, 71, 72, 77, 80, 98, 99, 102, 103, 105, 106, 109, 110, 113, 114, 116, 117, 122, 125, 126, 129, 130, 133, 136, 137, 139, 140, 142, 144, 146, 148, 151, 157, 160, 167, 168, 170, 172, 181, 182, 183, 184, 185, 191, 192, 218, 219, 222, 223, 224, 230, 231, 232, 233, 235, 236, 241, 244, 255, 256, 257, 258, 259, 262, 263, 264, 270, 273, 274, 277, 280, 281, 292, 300, 301, 312, 320, 321, 327, 332, 333, 334, 335, 336, 342, 353, 463, 466, 478, 481, 482, 483, 486, 487, 488, 489, 490, 493, 494, 495, 496, 497, 498, 499, 500, 503, 504, 505, 506, 507, 508, 509, 512, 513, 514, 515, 516, 517, 518, 519, 522, 523, 524, 525, 526, 527, 528, 530, 531, 532, 535, 536, 538], "excluded_lines": [], "functions": {"export_activities": {"executed_lines": [], "summary": {"covered_lines": 0, "num_statements": 51, "percent_covered": 0.0, "percent_covered_display": "0.00", "missing_lines": 51, "excluded_lines": 0, "percent_statements_covered": 0.0, "percent_statements_covered_display": "0.00"}, "missing_lines": [54, 55, 58, 59, 60, 66, 67, 68, 69, 71, 72, 77, 80, 98, 99, 102, 103, 105, 106, 109, 110, 113, 114, 116, 117, 122, 125, 126, 129, 130, 133, 136, 137, 139, 140, 142, 144, 146, 148, 151, 157, 160, 167, 168, 170, 172, 181, 182, 183, 184, 185], "excluded_lines": [], "start_line": 27}, "generate_report": {"executed_lines": [], "summary": {"covered_lines": 0, "num_statements": 39, "percent_covered": 0.0, "percent_covered_display": "0.00", "missing_lines": 39, "excluded_lines": 0, "percent_statements_covered": 0.0, "percent_statements_covered_display": "0.00"}, "missing_lines": [218, 219, 222, 223, 224, 230, 231, 232, 233, 235, 236, 241, 244, 255, 256, 257, 258, 259, 262, 263, 264, 270, 273, 274, 277, 280, 281, 292, 300, 301, 312, 320, 321, 327, 332, 333, 334, 335, 336], "excluded_lines": [], "start_line": 192}, "generate_html_report": {"executed_lines": [], "summary": {"covered_lines": 0, "num_statements": 2, "percent_covered": 0.0, "percent_covered_display": "0.00", "missing_lines": 2, "excluded_lines": 0, "percent_statements_covered": 0.0, "percent_statements_covered_display": "0.00"}, "missing_lines": [353, 463], "excluded_lines": [], "start_line": 342}, "generate_markdown_report": {"executed_lines": [], "summary": {"covered_lines": 0, "num_statements": 45, "percent_covered": 0.0, "percent_covered_display": "0.00", "missing_lines": 45, "excluded_lines": 0, "percent_statements_covered": 0.0, "percent_statements_covered_display": "0.00"}, "missing_lines": [478, 481, 482, 483, 486, 487, 488, 489, 490, 493, 494, 495, 496, 497, 498, 499, 500, 503, 504, 505, 506, 507, 508, 509, 512, 513, 514, 515, 516, 517, 518, 519, 522, 523, 524, 525, 526, 527, 528, 530, 531, 532, 535, 536, 538], "excluded_lines": [], "start_line": 466}, "": {"executed_lines": [], "summary": {"covered_lines": 0, "num_statements": 17, "percent_covered": 0.0, "percent_covered_display": "0.00", "missing_lines": 17, "excluded_lines": 0, "percent_statements_covered": 0.0, "percent_statements_covered_display": "0.00"}, "missing_lines": [5, 6, 7, 8, 10, 11, 12, 13, 15, 16, 23, 26, 27, 191, 192, 342, 466], "excluded_lines": [], "start_line": 1}}, "classes": {"": {"executed_lines": [], "summary": {"covered_lines": 0, "num_statements": 154, "percent_covered": 0.0, "percent_covered_display": "0.00", "missing_lines": 154, "excluded_lines": 0, "percent_statements_covered": 0.0, "percent_statements_covered_display": "0.00"}, "missing_lines": [5, 6, 7, 8, 10, 11, 12, 13, 15, 16, 23, 26, 27, 54, 55, 58, 59, 60, 66, 67, 68, 69, 71, 72, 77, 80, 98, 99, 102, 103, 105, 106, 109, 110, 113, 114, 116, 117, 122, 125, 126, 129, 130, 133, 136, 137, 139, 140, 142, 144, 146, 148, 151, 157, 160, 167, 168, 170, 172, 181, 182, 183, 184, 185, 191, 192, 218, 219, 222, 223, 224, 230, 231, 232, 233, 235, 236, 241, 244, 255, 256, 257, 258, 259, 262, 263, 264, 270, 273, 274, 277, 280, 281, 292, 300, 301, 312, 320, 321, 327, 332, 333, 334, 335, 336, 342, 353, 463, 466, 478, 481, 482, 483, 486, 487, 488, 489, 490, 493, 494, 495, 496, 497, 498, 499, 500, 503, 504, 505, 506, 507, 508, 509, 512, 513, 514, 515, 516, 517, 518, 519, 522, 523, 524, 525, 526, 527, 528, 530, 531, 532, 535, 536, 538], "excluded_lines": [], "start_line": 1}}}, "backend/app/api/routes/forensics.py": {"executed_lines": [], "summary": {"covered_lines": 0, "num_statements": 1042, "percent_covered": 0.0, "percent_covered_display": "0.00", "missing_lines": 1042, "excluded_lines": 0, "percent_statements_covered": 0.0, "percent_statements_covered_display": "0.00"}, "missing_lines": [5, 6, 7, 8, 9, 11, 12, 13, 15, 16, 17, 24, 31, 42, 56, 71, 78, 92, 95, 96, 115, 116, 117, 118, 119, 122, 123, 124, 130, 132, 133, 134, 136, 138, 139, 140, 141, 142, 143, 145, 146, 147, 149, 151, 152, 158, 159, 162, 163, 166, 167, 170, 171, 172, 185, 186, 188, 189, 191, 192, 197, 199, 200, 215, 221, 223, 225, 233, 235, 236, 237, 238, 244, 245, 272, 273, 274, 276, 277, 283, 284, 285, 291, 292, 298, 299, 301, 302, 303, 304, 305, 306, 308, 309, 315, 318, 319, 320, 322, 323, 324, 325, 326, 327, 330, 331, 332, 334, 335, 338, 374, 375, 377, 383, 384, 385, 386, 387, 389, 396, 397, 399, 403, 404, 406, 407, 410, 430, 431, 433, 435, 436, 437, 438, 439, 441, 448, 449, 451, 452, 455, 461, 462, 468, 469, 470, 471, 475, 476, 477, 483, 484, 515, 516, 518, 519, 525, 527, 530, 531, 533, 534, 535, 538, 547, 548, 550, 552, 559, 560, 561, 562, 566, 567, 568, 574, 575, 628, 630, 631, 632, 637, 643, 644, 652, 655, 666, 669, 672, 686, 694, 699, 706, 707, 708, 709, 710, 714, 715, 716, 722, 723, 743, 744, 745, 746, 752, 759, 761, 763, 764, 765, 766, 767, 773, 774, 843, 845, 846, 847, 852, 858, 861, 862, 863, 865, 871, 874, 877, 878, 879, 882, 883, 888, 891, 892, 894, 895, 896, 897, 898, 899, 901, 902, 905, 912, 913, 920, 921, 923, 924, 929, 936, 950, 953, 954, 955, 956, 959, 960, 963, 964, 965, 966, 972, 975, 978, 1004, 1005, 1006, 1008, 1009, 1010, 1011, 1013, 1014, 1016, 1025, 1027, 1035, 1040, 1047, 1048, 1049, 1050, 1051, 1055, 1056, 1057, 1063, 1064, 1095, 1096, 1098, 1099, 1105, 1106, 1108, 1111, 1113, 1114, 1119, 1122, 1131, 1132, 1133, 1134, 1135, 1141, 1142, 1181, 1182, 1183, 1185, 1186, 1192, 1193, 1194, 1195, 1198, 1200, 1203, 1204, 1206, 1207, 1208, 1211, 1212, 1215, 1216, 1218, 1227, 1228, 1230, 1232, 1240, 1241, 1242, 1248, 1249, 1270, 1274, 1283, 1284, 1285, 1291, 1292, 1313, 1317, 1323, 1324, 1325, 1331, 1332, 1354, 1362, 1370, 1371, 1372, 1378, 1379, 1399, 1400, 1401, 1409, 1417, 1418, 1419, 1425, 1426, 1443, 1445, 1450, 1451, 1452, 1458, 1459, 1477, 1479, 1480, 1485, 1486, 1487, 1489, 1490, 1492, 1493, 1496, 1497, 1500, 1501, 1502, 1504, 1507, 1509, 1519, 1520, 1521, 1527, 1528, 1553, 1555, 1556, 1561, 1562, 1563, 1565, 1566, 1567, 1568, 1570, 1571, 1578, 1580, 1581, 1582, 1585, 1587, 1599, 1600, 1604, 1605, 1606, 1612, 1613, 1636, 1638, 1639, 1644, 1645, 1647, 1648, 1650, 1653, 1655, 1656, 1663, 1665, 1682, 1683, 1684, 1690, 1691, 1715, 1717, 1718, 1723, 1724, 1726, 1727, 1728, 1729, 1731, 1732, 1739, 1742, 1744, 1757, 1758, 1759, 1765, 1766, 1789, 1790, 1791, 1793, 1796, 1797, 1798, 1804, 1805, 1807, 1808, 1809, 1811, 1812, 1820, 1823, 1824, 1825, 1826, 1827, 1828, 1829, 1840, 1841, 1850, 1851, 1856, 1857, 1858, 1859, 1861, 1862, 1863, 1864, 1875, 1876, 1885, 1886, 1891, 1892, 1893, 1894, 1896, 1897, 1898, 1908, 1909, 1918, 1919, 1922, 1923, 1924, 1925, 1926, 1929, 1930, 1931, 1932, 1941, 1942, 1951, 1953, 1962, 1963, 1964, 1965, 1966, 1972, 1973, 1995, 1996, 1999, 2000, 2001, 2007, 2009, 2010, 2011, 2012, 2014, 2015, 2023, 2025, 2026, 2029, 2030, 2031, 2033, 2039, 2041, 2042, 2043, 2044, 2045, 2046, 2048, 2051, 2067, 2069, 2078, 2079, 2080, 2081, 2082, 2088, 2089, 2143, 2144, 2150, 2151, 2152, 2155, 2156, 2165, 2166, 2167, 2173, 2174, 2180, 2182, 2183, 2188, 2189, 2192, 2195, 2196, 2200, 2202, 2203, 2208, 2214, 2215, 2218, 2221, 2231, 2232, 2234, 2253, 2258, 2260, 2261, 2262, 2263, 2264, 2268, 2269, 2270, 2280, 2281, 2306, 2307, 2308, 2311, 2312, 2313, 2319, 2320, 2325, 2328, 2329, 2338, 2339, 2340, 2343, 2345, 2350, 2354, 2355, 2357, 2364, 2365, 2367, 2368, 2373, 2374, 2376, 2377, 2382, 2388, 2390, 2393, 2411, 2415, 2424, 2425, 2426, 2427, 2428, 2434, 2435, 2445, 2446, 2448, 2449, 2450, 2455, 2457, 2463, 2464, 2465, 2467, 2472, 2474, 2475, 2477, 2478, 2479, 2481, 2495, 2499, 2507, 2508, 2509, 2510, 2511, 2522, 2523, 2559, 2560, 2561, 2562, 2565, 2566, 2567, 2572, 2575, 2578, 2579, 2580, 2582, 2596, 2598, 2599, 2600, 2602, 2603, 2604, 2606, 2607, 2608, 2609, 2611, 2613, 2614, 2616, 2617, 2618, 2621, 2622, 2624, 2625, 2626, 2627, 2629, 2631, 2640, 2641, 2644, 2645, 2646, 2651, 2654, 2655, 2656, 2658, 2661, 2663, 2674, 2693, 2694, 2695, 2699, 2700, 2703, 2704, 2707, 2708, 2712, 2717, 2731, 2732, 2733, 2734, 2735, 2741, 2742, 2767, 2768, 2769, 2771, 2772, 2773, 2778, 2780, 2783, 2784, 2785, 2787, 2801, 2803, 2804, 2805, 2807, 2808, 2809, 2811, 2812, 2813, 2816, 2818, 2819, 2820, 2821, 2823, 2832, 2842, 2843, 2845, 2848, 2849, 2850, 2851, 2852, 2853, 2854, 2855, 2856, 2857, 2858, 2860, 2873, 2876, 2878, 2879, 2880, 2882, 2883, 2890, 2891, 2895, 2901, 2902, 2903, 2904, 2905, 2908, 2921, 2930, 2931, 2932, 2933, 2936, 2937, 2939, 2940, 2944, 2945, 2949, 2954, 2964, 2965, 2966, 2967, 2968, 2979, 2980, 3020, 3021, 3022, 3023, 3026, 3027, 3028, 3033, 3036, 3039, 3041, 3048, 3049, 3055, 3057, 3068, 3069, 3070, 3071, 3073, 3075, 3076, 3078, 3086, 3087, 3089, 3091, 3092, 3094, 3102, 3103, 3105, 3107, 3109, 3116, 3117, 3119, 3121, 3123, 3125, 3130, 3142, 3143, 3144, 3145, 3146, 3157, 3158, 3193, 3194, 3195, 3198, 3199, 3200, 3205, 3208, 3211, 3221, 3222, 3223, 3224, 3225, 3227, 3228, 3231, 3232, 3233, 3235, 3249, 3251, 3252, 3253, 3255, 3256, 3257, 3259, 3260, 3261, 3264, 3265, 3267, 3268, 3269, 3270, 3272, 3274, 3283, 3285, 3288, 3289, 3290, 3291, 3294, 3295, 3298, 3301, 3318, 3320, 3321, 3325, 3326, 3330, 3331, 3335, 3336, 3340, 3341, 3344, 3345, 3349, 3354, 3366, 3367, 3368, 3369, 3370, 3381, 3382, 3422, 3423, 3424, 3427, 3428, 3429, 3434, 3437, 3438, 3439, 3441, 3453, 3458, 3459, 3460, 3461, 3463, 3465, 3466, 3467, 3470, 3481, 3484, 3487, 3494, 3497, 3503, 3506, 3507, 3508, 3509, 3512, 3513, 3515, 3516, 3526, 3529, 3531, 3532, 3536, 3537, 3542, 3543, 3549, 3550, 3555, 3556, 3560, 3561, 3562, 3568, 3570, 3575, 3595, 3596, 3597, 3598, 3599, 3610, 3611, 3655, 3656, 3659, 3660, 3661, 3666, 3669, 3675, 3676, 3678, 3679, 3680, 3685, 3686, 3687, 3693, 3700, 3713, 3715, 3716, 3717, 3719, 3720, 3721, 3724, 3725, 3727, 3730, 3736, 3738, 3744, 3758, 3759, 3760, 3761, 3762], "excluded_lines": [], "functions": {"export_activities": {"executed_lines": [], "summary": {"covered_lines": 0, "num_statements": 52, "percent_covered": 0.0, "percent_covered_display": "0.00", "missing_lines": 52, "excluded_lines": 0, "percent_statements_covered": 0.0, "percent_statements_covered_display": "0.00"}, "missing_lines": [115, 116, 117, 118, 119, 122, 123, 124, 130, 132, 133, 134, 136, 138, 139, 140, 141, 142, 143, 145, 146, 147, 149, 151, 152, 158, 159, 162, 163, 166, 167, 170, 171, 172, 185, 186, 188, 189, 191, 192, 197, 199, 200, 215, 221, 223, 225, 233, 235, 236, 237, 238], "excluded_lines": [], "start_line": 96}, "generate_timeline_report": {"executed_lines": [], "summary": {"covered_lines": 0, "num_statements": 76, "percent_covered": 0.0, "percent_covered_display": "0.00", "missing_lines": 76, "excluded_lines": 0, "percent_statements_covered": 0.0, "percent_statements_covered_display": "0.00"}, "missing_lines": [272, 273, 274, 276, 277, 283, 284, 285, 291, 292, 298, 299, 301, 302, 303, 304, 305, 306, 308, 309, 315, 318, 319, 320, 322, 323, 324, 325, 326, 327, 330, 331, 332, 334, 335, 338, 374, 375, 377, 383, 384, 385, 386, 387, 389, 396, 397, 399, 403, 404, 406, 407, 410, 430, 431, 433, 435, 436, 437, 438, 439, 441, 448, 449, 451, 452, 455, 461, 462, 468, 469, 470, 471, 475, 476, 477], "excluded_lines": [], "start_line": 245}, "search_ocr_text": {"executed_lines": [], "summary": {"covered_lines": 0, "num_statements": 23, "percent_covered": 0.0, "percent_covered_display": "0.00", "missing_lines": 23, "excluded_lines": 0, "percent_statements_covered": 0.0, "percent_statements_covered_display": "0.00"}, "missing_lines": [515, 516, 518, 519, 525, 527, 530, 531, 533, 534, 535, 538, 547, 548, 550, 552, 559, 560, 561, 562, 566, 567, 568], "excluded_lines": [], "start_line": 484}, "semantic_search": {"executed_lines": [], "summary": {"covered_lines": 0, "num_statements": 23, "percent_covered": 0.0, "percent_covered_display": "0.00", "missing_lines": 23, "excluded_lines": 0, "percent_statements_covered": 0.0, "percent_statements_covered_display": "0.00"}, "missing_lines": [628, 630, 631, 632, 637, 643, 644, 652, 655, 666, 669, 672, 686, 694, 699, 706, 707, 708, 709, 710, 714, 715, 716], "excluded_lines": [], "start_line": 575}, "get_semantic_search_stats": {"executed_lines": [], "summary": {"covered_lines": 0, "num_statements": 12, "percent_covered": 0.0, "percent_covered_display": "0.00", "missing_lines": 12, "excluded_lines": 0, "percent_statements_covered": 0.0, "percent_statements_covered_display": "0.00"}, "missing_lines": [743, 744, 745, 746, 752, 759, 761, 763, 764, 765, 766, 767], "excluded_lines": [], "start_line": 723}, "extract_entities": {"executed_lines": [], "summary": {"covered_lines": 0, "num_statements": 73, "percent_covered": 0.0, "percent_covered_display": "0.00", "missing_lines": 73, "excluded_lines": 0, "percent_statements_covered": 0.0, "percent_statements_covered_display": "0.00"}, "missing_lines": [843, 845, 846, 847, 852, 858, 861, 862, 863, 865, 871, 874, 877, 878, 879, 882, 883, 888, 891, 892, 894, 895, 896, 897, 898, 899, 901, 902, 905, 912, 913, 920, 921, 923, 924, 929, 936, 950, 953, 954, 955, 956, 959, 960, 963, 964, 965, 966, 972, 975, 978, 1004, 1005, 1006, 1008, 1009, 1010, 1011, 1013, 1014, 1016, 1025, 1027, 1035, 1040, 1047, 1048, 1049, 1050, 1051, 1055, 1056, 1057], "excluded_lines": [], "start_line": 774}, "get_screenshot": {"executed_lines": [], "summary": {"covered_lines": 0, "num_statements": 17, "percent_covered": 0.0, "percent_covered_display": "0.00", "missing_lines": 17, "excluded_lines": 0, "percent_statements_covered": 0.0, "percent_statements_covered_display": "0.00"}, "missing_lines": [1095, 1096, 1098, 1099, 1105, 1106, 1108, 1111, 1113, 1114, 1119, 1122, 1131, 1132, 1133, 1134, 1135], "excluded_lines": [], "start_line": 1064}, "get_ocr_timeline": {"executed_lines": [], "summary": {"covered_lines": 0, "num_statements": 28, "percent_covered": 0.0, "percent_covered_display": "0.00", "missing_lines": 28, "excluded_lines": 0, "percent_statements_covered": 0.0, "percent_statements_covered_display": "0.00"}, "missing_lines": [1181, 1182, 1183, 1185, 1186, 1192, 1193, 1194, 1195, 1198, 1200, 1203, 1204, 1206, 1207, 1208, 1211, 1212, 1215, 1216, 1218, 1227, 1228, 1230, 1232, 1240, 1241, 1242], "excluded_lines": [], "start_line": 1142}, "get_clipboard_history": {"executed_lines": [], "summary": {"covered_lines": 0, "num_statements": 5, "percent_covered": 0.0, "percent_covered_display": "0.00", "missing_lines": 5, "excluded_lines": 0, "percent_statements_covered": 0.0, "percent_statements_covered_display": "0.00"}, "missing_lines": [1270, 1274, 1283, 1284, 1285], "excluded_lines": [], "start_line": 1249}, "get_file_access_timeline": {"executed_lines": [], "summary": {"covered_lines": 0, "num_statements": 5, "percent_covered": 0.0, "percent_covered_display": "0.00", "missing_lines": 5, "excluded_lines": 0, "percent_statements_covered": 0.0, "percent_statements_covered_display": "0.00"}, "missing_lines": [1313, 1317, 1323, 1324, 1325], "excluded_lines": [], "start_line": 1292}, "perform_correlation_analysis": {"executed_lines": [], "summary": {"covered_lines": 0, "num_statements": 5, "percent_covered": 0.0, "percent_covered_display": "0.00", "missing_lines": 5, "excluded_lines": 0, "percent_statements_covered": 0.0, "percent_statements_covered_display": "0.00"}, "missing_lines": [1354, 1362, 1370, 1371, 1372], "excluded_lines": [], "start_line": 1332}, "batch_parse_databases": {"executed_lines": [], "summary": {"covered_lines": 0, "num_statements": 7, "percent_covered": 0.0, "percent_covered_display": "0.00", "missing_lines": 7, "excluded_lines": 0, "percent_statements_covered": 0.0, "percent_statements_covered_display": "0.00"}, "missing_lines": [1399, 1400, 1401, 1409, 1417, 1418, 1419], "excluded_lines": [], "start_line": 1379}, "extract_metadata": {"executed_lines": [], "summary": {"covered_lines": 0, "num_statements": 5, "percent_covered": 0.0, "percent_covered_display": "0.00", "missing_lines": 5, "excluded_lines": 0, "percent_statements_covered": 0.0, "percent_statements_covered_display": "0.00"}, "missing_lines": [1443, 1445, 1450, 1451, 1452], "excluded_lines": [], "start_line": 1426}, "generate_forensic_timeline": {"executed_lines": [], "summary": {"covered_lines": 0, "num_statements": 21, "percent_covered": 0.0, "percent_covered_display": "0.00", "missing_lines": 21, "excluded_lines": 0, "percent_statements_covered": 0.0, "percent_statements_covered_display": "0.00"}, "missing_lines": [1477, 1479, 1480, 1485, 1486, 1487, 1489, 1490, 1492, 1493, 1496, 1497, 1500, 1501, 1502, 1504, 1507, 1509, 1519, 1520, 1521], "excluded_lines": [], "start_line": 1459}, "reconstruct_user_session": {"executed_lines": [], "summary": {"covered_lines": 0, "num_statements": 23, "percent_covered": 0.0, "percent_covered_display": "0.00", "missing_lines": 23, "excluded_lines": 0, "percent_statements_covered": 0.0, "percent_statements_covered_display": "0.00"}, "missing_lines": [1553, 1555, 1556, 1561, 1562, 1563, 1565, 1566, 1567, 1568, 1570, 1571, 1578, 1580, 1581, 1582, 1585, 1587, 1599, 1600, 1604, 1605, 1606], "excluded_lines": [], "start_line": 1528}, "track_file_access": {"executed_lines": [], "summary": {"covered_lines": 0, "num_statements": 16, "percent_covered": 0.0, "percent_covered_display": "0.00", "missing_lines": 16, "excluded_lines": 0, "percent_statements_covered": 0.0, "percent_statements_covered_display": "0.00"}, "missing_lines": [1636, 1638, 1639, 1644, 1645, 1647, 1648, 1650, 1653, 1655, 1656, 1663, 1665, 1682, 1683, 1684], "excluded_lines": [], "start_line": 1613}, "analyze_application_usage": {"executed_lines": [], "summary": {"covered_lines": 0, "num_statements": 17, "percent_covered": 0.0, "percent_covered_display": "0.00", "missing_lines": 17, "excluded_lines": 0, "percent_statements_covered": 0.0, "percent_statements_covered_display": "0.00"}, "missing_lines": [1715, 1717, 1718, 1723, 1724, 1726, 1727, 1728, 1729, 1731, 1732, 1739, 1742, 1744, 1757, 1758, 1759], "excluded_lines": [], "start_line": 1691}, "detect_suspicious_patterns": {"executed_lines": [], "summary": {"covered_lines": 0, "num_statements": 67, "percent_covered": 0.0, "percent_covered_display": "0.00", "missing_lines": 67, "excluded_lines": 0, "percent_statements_covered": 0.0, "percent_statements_covered_display": "0.00"}, "missing_lines": [1789, 1790, 1791, 1793, 1796, 1797, 1798, 1804, 1805, 1807, 1808, 1809, 1811, 1812, 1820, 1823, 1824, 1825, 1826, 1827, 1828, 1829, 1840, 1841, 1850, 1851, 1856, 1857, 1858, 1859, 1861, 1862, 1863, 1864, 1875, 1876, 1885, 1886, 1891, 1892, 1893, 1894, 1896, 1897, 1898, 1908, 1909, 1918, 1919, 1922, 1923, 1924, 1925, 1926, 1929, 1930, 1931, 1932, 1941, 1942, 1951, 1953, 1962, 1963, 1964, 1965, 1966], "excluded_lines": [], "start_line": 1766}, "check_data_exfiltration": {"executed_lines": [], "summary": {"covered_lines": 0, "num_statements": 35, "percent_covered": 0.0, "percent_covered_display": "0.00", "missing_lines": 35, "excluded_lines": 0, "percent_statements_covered": 0.0, "percent_statements_covered_display": "0.00"}, "missing_lines": [1995, 1996, 1999, 2000, 2001, 2007, 2009, 2010, 2011, 2012, 2014, 2015, 2023, 2025, 2026, 2029, 2030, 2031, 2033, 2039, 2041, 2042, 2043, 2044, 2045, 2046, 2048, 2051, 2067, 2069, 2078, 2079, 2080, 2081, 2082], "excluded_lines": [], "start_line": 1973}, "reconstruct_session_with_ai": {"executed_lines": [], "summary": {"covered_lines": 0, "num_statements": 41, "percent_covered": 0.0, "percent_covered_display": "0.00", "missing_lines": 41, "excluded_lines": 0, "percent_statements_covered": 0.0, "percent_statements_covered_display": "0.00"}, "missing_lines": [2143, 2144, 2150, 2151, 2152, 2155, 2156, 2165, 2166, 2167, 2173, 2174, 2180, 2182, 2183, 2188, 2189, 2192, 2195, 2196, 2200, 2202, 2203, 2208, 2214, 2215, 2218, 2221, 2231, 2232, 2234, 2253, 2258, 2260, 2261, 2262, 2263, 2264, 2268, 2269, 2270], "excluded_lines": [], "start_line": 2089}, "search_similar_screenshots": {"executed_lines": [], "summary": {"covered_lines": 0, "num_statements": 39, "percent_covered": 0.0, "percent_covered_display": "0.00", "missing_lines": 39, "excluded_lines": 0, "percent_statements_covered": 0.0, "percent_statements_covered_display": "0.00"}, "missing_lines": [2306, 2307, 2308, 2311, 2312, 2313, 2319, 2320, 2325, 2328, 2329, 2338, 2339, 2340, 2343, 2345, 2350, 2354, 2355, 2357, 2364, 2365, 2367, 2368, 2373, 2374, 2376, 2377, 2382, 2388, 2390, 2393, 2411, 2415, 2424, 2425, 2426, 2427, 2428], "excluded_lines": [], "start_line": 2281}, "detect_duplicate_screenshots": {"executed_lines": [], "summary": {"covered_lines": 0, "num_statements": 25, "percent_covered": 0.0, "percent_covered_display": "0.00", "missing_lines": 25, "excluded_lines": 0, "percent_statements_covered": 0.0, "percent_statements_covered_display": "0.00"}, "missing_lines": [2445, 2446, 2448, 2449, 2450, 2455, 2457, 2463, 2464, 2465, 2467, 2472, 2474, 2475, 2477, 2478, 2479, 2481, 2495, 2499, 2507, 2508, 2509, 2510, 2511], "excluded_lines": [], "start_line": 2435}, "scan_sensitive_data": {"executed_lines": [], "summary": {"covered_lines": 0, "num_statements": 67, "percent_covered": 0.0, "percent_covered_display": "0.00", "missing_lines": 67, "excluded_lines": 0, "percent_statements_covered": 0.0, "percent_statements_covered_display": "0.00"}, "missing_lines": [2559, 2560, 2561, 2562, 2565, 2566, 2567, 2572, 2575, 2578, 2579, 2580, 2582, 2596, 2598, 2599, 2600, 2602, 2603, 2604, 2606, 2607, 2608, 2609, 2611, 2613, 2614, 2616, 2617, 2618, 2621, 2622, 2624, 2625, 2626, 2627, 2629, 2631, 2640, 2641, 2644, 2645, 2646, 2651, 2654, 2655, 2656, 2658, 2661, 2663, 2674, 2693, 2694, 2695, 2699, 2700, 2703, 2704, 2707, 2708, 2712, 2717, 2731, 2732, 2733, 2734, 2735], "excluded_lines": [], "start_line": 2523}, "harvest_credentials": {"executed_lines": [], "summary": {"covered_lines": 0, "num_statements": 78, "percent_covered": 0.0, "percent_covered_display": "0.00", "missing_lines": 78, "excluded_lines": 0, "percent_statements_covered": 0.0, "percent_statements_covered_display": "0.00"}, "missing_lines": [2767, 2768, 2769, 2771, 2772, 2773, 2778, 2780, 2783, 2784, 2785, 2787, 2801, 2803, 2804, 2805, 2807, 2808, 2809, 2811, 2812, 2813, 2816, 2818, 2819, 2820, 2821, 2823, 2832, 2842, 2843, 2845, 2848, 2849, 2850, 2851, 2852, 2853, 2854, 2855, 2856, 2857, 2858, 2860, 2873, 2876, 2878, 2879, 2880, 2882, 2883, 2890, 2891, 2895, 2901, 2902, 2903, 2904, 2905, 2908, 2921, 2930, 2931, 2932, 2933, 2936, 2937, 2939, 2940, 2944, 2945, 2949, 2954, 2964, 2965, 2966, 2967, 2968], "excluded_lines": [], "start_line": 2742}, "generate_session_replay": {"executed_lines": [], "summary": {"covered_lines": 0, "num_statements": 46, "percent_covered": 0.0, "percent_covered_display": "0.00", "missing_lines": 46, "excluded_lines": 0, "percent_statements_covered": 0.0, "percent_statements_covered_display": "0.00"}, "missing_lines": [3020, 3021, 3022, 3023, 3026, 3027, 3028, 3033, 3036, 3039, 3041, 3048, 3049, 3055, 3057, 3068, 3069, 3070, 3071, 3073, 3075, 3076, 3078, 3086, 3087, 3089, 3091, 3092, 3094, 3102, 3103, 3105, 3107, 3109, 3116, 3117, 3119, 3121, 3123, 3125, 3130, 3142, 3143, 3144, 3145, 3146], "excluded_lines": [], "start_line": 2980}, "check_compliance": {"executed_lines": [], "summary": {"covered_lines": 0, "num_statements": 68, "percent_covered": 0.0, "percent_covered_display": "0.00", "missing_lines": 68, "excluded_lines": 0, "percent_statements_covered": 0.0, "percent_statements_covered_display": "0.00"}, "missing_lines": [3193, 3194, 3195, 3198, 3199, 3200, 3205, 3208, 3211, 3221, 3222, 3223, 3224, 3225, 3227, 3228, 3231, 3232, 3233, 3235, 3249, 3251, 3252, 3253, 3255, 3256, 3257, 3259, 3260, 3261, 3264, 3265, 3267, 3268, 3269, 3270, 3272, 3274, 3283, 3285, 3288, 3289, 3290, 3291, 3294, 3295, 3298, 3301, 3318, 3320, 3321, 3325, 3326, 3330, 3331, 3335, 3336, 3340, 3341, 3344, 3345, 3349, 3354, 3366, 3367, 3368, 3369, 3370], "excluded_lines": [], "start_line": 3158}, "analyze_productivity": {"executed_lines": [], "summary": {"covered_lines": 0, "num_statements": 58, "percent_covered": 0.0, "percent_covered_display": "0.00", "missing_lines": 58, "excluded_lines": 0, "percent_statements_covered": 0.0, "percent_statements_covered_display": "0.00"}, "missing_lines": [3422, 3423, 3424, 3427, 3428, 3429, 3434, 3437, 3438, 3439, 3441, 3453, 3458, 3459, 3460, 3461, 3463, 3465, 3466, 3467, 3470, 3481, 3484, 3487, 3494, 3497, 3503, 3506, 3507, 3508, 3509, 3512, 3513, 3515, 3516, 3526, 3529, 3531, 3532, 3536, 3537, 3542, 3543, 3549, 3550, 3555, 3556, 3560, 3561, 3562, 3568, 3570, 3575, 3595, 3596, 3597, 3598, 3599], "excluded_lines": [], "start_line": 3382}, "correlate_data_sources": {"executed_lines": [], "summary": {"covered_lines": 0, "num_statements": 36, "percent_covered": 0.0, "percent_covered_display": "0.00", "missing_lines": 36, "excluded_lines": 0, "percent_statements_covered": 0.0, "percent_statements_covered_display": "0.00"}, "missing_lines": [3655, 3656, 3659, 3660, 3661, 3666, 3669, 3675, 3676, 3678, 3679, 3680, 3685, 3686, 3687, 3693, 3700, 3713, 3715, 3716, 3717, 3719, 3720, 3721, 3724, 3725, 3727, 3730, 3736, 3738, 3744, 3758, 3759, 3760, 3761, 3762], "excluded_lines": [], "start_line": 3611}, "": {"executed_lines": [], "summary": {"covered_lines": 0, "num_statements": 74, "percent_covered": 0.0, "percent_covered_display": "0.00", "missing_lines": 74, "excluded_lines": 0, "percent_statements_covered": 0.0, "percent_statements_covered_display": "0.00"}, "missing_lines": [5, 6, 7, 8, 9, 11, 12, 13, 15, 16, 17, 24, 31, 42, 56, 71, 78, 92, 95, 96, 244, 245, 483, 484, 574, 575, 722, 723, 773, 774, 1063, 1064, 1141, 1142, 1248, 1249, 1291, 1292, 1331, 1332, 1378, 1379, 1425, 1426, 1458, 1459, 1527, 1528, 1612, 1613, 1690, 1691, 1765, 1766, 1972, 1973, 2088, 2089, 2280, 2281, 2434, 2435, 2522, 2523, 2741, 2742, 2979, 2980, 3157, 3158, 3381, 3382, 3610, 3611], "excluded_lines": [], "start_line": 1}}, "classes": {"": {"executed_lines": [], "summary": {"covered_lines": 0, "num_statements": 1042, "percent_covered": 0.0, "percent_covered_display": "0.00", "missing_lines": 1042, "excluded_lines": 0, "percent_statements_covered": 0.0, "percent_statements_covered_display": "0.00"}, "missing_lines": [5, 6, 7, 8, 9, 11, 12, 13, 15, 16, 17, 24, 31, 42, 56, 71, 78, 92, 95, 96, 115, 116, 117, 118, 119, 122, 123, 124, 130, 132, 133, 134, 136, 138, 139, 140, 141, 142, 143, 145, 146, 147, 149, 151, 152, 158, 159, 162, 163, 166, 167, 170, 171, 172, 185, 186, 188, 189, 191, 192, 197, 199, 200, 215, 221, 223, 225, 233, 235, 236, 237, 238, 244, 245, 272, 273, 274, 276, 277, 283, 284, 285, 291, 292, 298, 299, 301, 302, 303, 304, 305, 306, 308, 309, 315, 318, 319, 320, 322, 323, 324, 325, 326, 327, 330, 331, 332, 334, 335, 338, 374, 375, 377, 383, 384, 385, 386, 387, 389, 396, 397, 399, 403, 404, 406, 407, 410, 430, 431, 433, 435, 436, 437, 438, 439, 441, 448, 449, 451, 452, 455, 461, 462, 468, 469, 470, 471, 475, 476, 477, 483, 484, 515, 516, 518, 519, 525, 527, 530, 531, 533, 534, 535, 538, 547, 548, 550, 552, 559, 560, 561, 562, 566, 567, 568, 574, 575, 628, 630, 631, 632, 637, 643, 644, 652, 655, 666, 669, 672, 686, 694, 699, 706, 707, 708, 709, 710, 714, 715, 716, 722, 723, 743, 744, 745, 746, 752, 759, 761, 763, 764, 765, 766, 767, 773, 774, 843, 845, 846, 847, 852, 858, 861, 862, 863, 865, 871, 874, 877, 878, 879, 882, 883, 888, 891, 892, 894, 895, 896, 897, 898, 899, 901, 902, 905, 912, 913, 920, 921, 923, 924, 929, 936, 950, 953, 954, 955, 956, 959, 960, 963, 964, 965, 966, 972, 975, 978, 1004, 1005, 1006, 1008, 1009, 1010, 1011, 1013, 1014, 1016, 1025, 1027, 1035, 1040, 1047, 1048, 1049, 1050, 1051, 1055, 1056, 1057, 1063, 1064, 1095, 1096, 1098, 1099, 1105, 1106, 1108, 1111, 1113, 1114, 1119, 1122, 1131, 1132, 1133, 1134, 1135, 1141, 1142, 1181, 1182, 1183, 1185, 1186, 1192, 1193, 1194, 1195, 1198, 1200, 1203, 1204, 1206, 1207, 1208, 1211, 1212, 1215, 1216, 1218, 1227, 1228, 1230, 1232, 1240, 1241, 1242, 1248, 1249, 1270, 1274, 1283, 1284, 1285, 1291, 1292, 1313, 1317, 1323, 1324, 1325, 1331, 1332, 1354, 1362, 1370, 1371, 1372, 1378, 1379, 1399, 1400, 1401, 1409, 1417, 1418, 1419, 1425, 1426, 1443, 1445, 1450, 1451, 1452, 1458, 1459, 1477, 1479, 1480, 1485, 1486, 1487, 1489, 1490, 1492, 1493, 1496, 1497, 1500, 1501, 1502, 1504, 1507, 1509, 1519, 1520, 1521, 1527, 1528, 1553, 1555, 1556, 1561, 1562, 1563, 1565, 1566, 1567, 1568, 1570, 1571, 1578, 1580, 1581, 1582, 1585, 1587, 1599, 1600, 1604, 1605, 1606, 1612, 1613, 1636, 1638, 1639, 1644, 1645, 1647, 1648, 1650, 1653, 1655, 1656, 1663, 1665, 1682, 1683, 1684, 1690, 1691, 1715, 1717, 1718, 1723, 1724, 1726, 1727, 1728, 1729, 1731, 1732, 1739, 1742, 1744, 1757, 1758, 1759, 1765, 1766, 1789, 1790, 1791, 1793, 1796, 1797, 1798, 1804, 1805, 1807, 1808, 1809, 1811, 1812, 1820, 1823, 1824, 1825, 1826, 1827, 1828, 1829, 1840, 1841, 1850, 1851, 1856, 1857, 1858, 1859, 1861, 1862, 1863, 1864, 1875, 1876, 1885, 1886, 1891, 1892, 1893, 1894, 1896, 1897, 1898, 1908, 1909, 1918, 1919, 1922, 1923, 1924, 1925, 1926, 1929, 1930, 1931, 1932, 1941, 1942, 1951, 1953, 1962, 1963, 1964, 1965, 1966, 1972, 1973, 1995, 1996, 1999, 2000, 2001, 2007, 2009, 2010, 2011, 2012, 2014, 2015, 2023, 2025, 2026, 2029, 2030, 2031, 2033, 2039, 2041, 2042, 2043, 2044, 2045, 2046, 2048, 2051, 2067, 2069, 2078, 2079, 2080, 2081, 2082, 2088, 2089, 2143, 2144, 2150, 2151, 2152, 2155, 2156, 2165, 2166, 2167, 2173, 2174, 2180, 2182, 2183, 2188, 2189, 2192, 2195, 2196, 2200, 2202, 2203, 2208, 2214, 2215, 2218, 2221, 2231, 2232, 2234, 2253, 2258, 2260, 2261, 2262, 2263, 2264, 2268, 2269, 2270, 2280, 2281, 2306, 2307, 2308, 2311, 2312, 2313, 2319, 2320, 2325, 2328, 2329, 2338, 2339, 2340, 2343, 2345, 2350, 2354, 2355, 2357, 2364, 2365, 2367, 2368, 2373, 2374, 2376, 2377, 2382, 2388, 2390, 2393, 2411, 2415, 2424, 2425, 2426, 2427, 2428, 2434, 2435, 2445, 2446, 2448, 2449, 2450, 2455, 2457, 2463, 2464, 2465, 2467, 2472, 2474, 2475, 2477, 2478, 2479, 2481, 2495, 2499, 2507, 2508, 2509, 2510, 2511, 2522, 2523, 2559, 2560, 2561, 2562, 2565, 2566, 2567, 2572, 2575, 2578, 2579, 2580, 2582, 2596, 2598, 2599, 2600, 2602, 2603, 2604, 2606, 2607, 2608, 2609, 2611, 2613, 2614, 2616, 2617, 2618, 2621, 2622, 2624, 2625, 2626, 2627, 2629, 2631, 2640, 2641, 2644, 2645, 2646, 2651, 2654, 2655, 2656, 2658, 2661, 2663, 2674, 2693, 2694, 2695, 2699, 2700, 2703, 2704, 2707, 2708, 2712, 2717, 2731, 2732, 2733, 2734, 2735, 2741, 2742, 2767, 2768, 2769, 2771, 2772, 2773, 2778, 2780, 2783, 2784, 2785, 2787, 2801, 2803, 2804, 2805, 2807, 2808, 2809, 2811, 2812, 2813, 2816, 2818, 2819, 2820, 2821, 2823, 2832, 2842, 2843, 2845, 2848, 2849, 2850, 2851, 2852, 2853, 2854, 2855, 2856, 2857, 2858, 2860, 2873, 2876, 2878, 2879, 2880, 2882, 2883, 2890, 2891, 2895, 2901, 2902, 2903, 2904, 2905, 2908, 2921, 2930, 2931, 2932, 2933, 2936, 2937, 2939, 2940, 2944, 2945, 2949, 2954, 2964, 2965, 2966, 2967, 2968, 2979, 2980, 3020, 3021, 3022, 3023, 3026, 3027, 3028, 3033, 3036, 3039, 3041, 3048, 3049, 3055, 3057, 3068, 3069, 3070, 3071, 3073, 3075, 3076, 3078, 3086, 3087, 3089, 3091, 3092, 3094, 3102, 3103, 3105, 3107, 3109, 3116, 3117, 3119, 3121, 3123, 3125, 3130, 3142, 3143, 3144, 3145, 3146, 3157, 3158, 3193, 3194, 3195, 3198, 3199, 3200, 3205, 3208, 3211, 3221, 3222, 3223, 3224, 3225, 3227, 3228, 3231, 3232, 3233, 3235, 3249, 3251, 3252, 3253, 3255, 3256, 3257, 3259, 3260, 3261, 3264, 3265, 3267, 3268, 3269, 3270, 3272, 3274, 3283, 3285, 3288, 3289, 3290, 3291, 3294, 3295, 3298, 3301, 3318, 3320, 3321, 3325, 3326, 3330, 3331, 3335, 3336, 3340, 3341, 3344, 3345, 3349, 3354, 3366, 3367, 3368, 3369, 3370, 3381, 3382, 3422, 3423, 3424, 3427, 3428, 3429, 3434, 3437, 3438, 3439, 3441, 3453, 3458, 3459, 3460, 3461, 3463, 3465, 3466, 3467, 3470, 3481, 3484, 3487, 3494, 3497, 3503, 3506, 3507, 3508, 3509, 3512, 3513, 3515, 3516, 3526, 3529, 3531, 3532, 3536, 3537, 3542, 3543, 3549, 3550, 3555, 3556, 3560, 3561, 3562, 3568, 3570, 3575, 3595, 3596, 3597, 3598, 3599, 3610, 3611, 3655, 3656, 3659, 3660, 3661, 3666, 3669, 3675, 3676, 3678, 3679, 3680, 3685, 3686, 3687, 3693, 3700, 3713, 3715, 3716, 3717, 3719, 3720, 3721, 3724, 3725, 3727, 3730, 3736, 3738, 3744, 3758, 3759, 3760, 3761, 3762], "excluded_lines": [], "start_line": 1}}}, "backend/app/api/routes/security.py": {"executed_lines": [], "summary": {"covered_lines": 0, "num_statements": 72, "percent_covered": 0.0, "percent_covered_display": "0.00", "missing_lines": 72, "excluded_lines": 0, "percent_statements_covered": 0.0, "percent_statements_covered_display": "0.00"}, "missing_lines": [5, 6, 7, 8, 9, 10, 12, 15, 19, 21, 22, 25, 27, 28, 29, 30, 31, 32, 33, 36, 38, 39, 40, 41, 42, 45, 47, 48, 51, 53, 54, 55, 56, 57, 58, 59, 60, 63, 65, 66, 67, 68, 69, 70, 73, 74, 94, 95, 96, 99, 102, 115, 123, 124, 125, 131, 132, 153, 154, 155, 158, 161, 175, 184, 185, 186, 192, 193, 200, 223, 224, 231], "excluded_lines": [], "functions": {"detect_exfiltration": {"executed_lines": [], "summary": {"covered_lines": 0, "num_statements": 9, "percent_covered": 0.0, "percent_covered_display": "0.00", "missing_lines": 9, "excluded_lines": 0, "percent_statements_covered": 0.0, "percent_statements_covered_display": "0.00"}, "missing_lines": [94, 95, 96, 99, 102, 115, 123, 124, 125], "excluded_lines": [], "start_line": 74}, "harvest_credentials": {"executed_lines": [], "summary": {"covered_lines": 0, "num_statements": 9, "percent_covered": 0.0, "percent_covered_display": "0.00", "missing_lines": 9, "excluded_lines": 0, "percent_statements_covered": 0.0, "percent_statements_covered_display": "0.00"}, "missing_lines": [153, 154, 155, 158, 161, 175, 184, 185, 186], "excluded_lines": [], "start_line": 132}, "get_exfiltration_stats": {"executed_lines": [], "summary": {"covered_lines": 0, "num_statements": 1, "percent_covered": 0.0, "percent_covered_display": "0.00", "missing_lines": 1, "excluded_lines": 0, "percent_statements_covered": 0.0, "percent_statements_covered_display": "0.00"}, "missing_lines": [200], "excluded_lines": [], "start_line": 193}, "get_credential_patterns": {"executed_lines": [], "summary": {"covered_lines": 0, "num_statements": 1, "percent_covered": 0.0, "percent_covered_display": "0.00", "missing_lines": 1, "excluded_lines": 0, "percent_statements_covered": 0.0, "percent_statements_covered_display": "0.00"}, "missing_lines": [231], "excluded_lines": [], "start_line": 224}, "": {"executed_lines": [], "summary": {"covered_lines": 0, "num_statements": 52, "percent_covered": 0.0, "percent_covered_display": "0.00", "missing_lines": 52, "excluded_lines": 0, "percent_statements_covered": 0.0, "percent_statements_covered_display": "0.00"}, "missing_lines": [5, 6, 7, 8, 9, 10, 12, 15, 19, 21, 22, 25, 27, 28, 29, 30, 31, 32, 33, 36, 38, 39, 40, 41, 42, 45, 47, 48, 51, 53, 54, 55, 56, 57, 58, 59, 60, 63, 65, 66, 67, 68, 69, 70, 73, 74, 131, 132, 192, 193, 223, 224], "excluded_lines": [], "start_line": 1}}, "classes": {"ExfiltrationDetectionRequest": {"executed_lines": [], "summary": {"covered_lines": 0, "num_statements": 0, "percent_covered": 100.0, "percent_covered_display": "100.00", "missing_lines": 0, "excluded_lines": 0, "percent_statements_covered": 100.0, "percent_statements_covered_display": "100.00"}, "missing_lines": [], "excluded_lines": [], "start_line": 19}, "ExfiltrationIndicatorResponse": {"executed_lines": [], "summary": {"covered_lines": 0, "num_statements": 0, "percent_covered": 100.0, "percent_covered_display": "100.00", "missing_lines": 0, "excluded_lines": 0, "percent_statements_covered": 100.0, "percent_statements_covered_display": "100.00"}, "missing_lines": [], "excluded_lines": [], "start_line": 25}, "ExfiltrationDetectionResponse": {"executed_lines": [], "summary": {"covered_lines": 0, "num_statements": 0, "percent_covered": 100.0, "percent_covered_display": "100.00", "missing_lines": 0, "excluded_lines": 0, "percent_statements_covered": 100.0, "percent_statements_covered_display": "100.00"}, "missing_lines": [], "excluded_lines": [], "start_line": 36}, "CredentialHarvestRequest": {"executed_lines": [], "summary": {"covered_lines": 0, "num_statements": 0, "percent_covered": 100.0, "percent_covered_display": "100.00", "missing_lines": 0, "excluded_lines": 0, "percent_statements_covered": 100.0, "percent_statements_covered_display": "100.00"}, "missing_lines": [], "excluded_lines": [], "start_line": 45}, "CredentialExposureResponse": {"executed_lines": [], "summary": {"covered_lines": 0, "num_statements": 0, "percent_covered": 100.0, "percent_covered_display": "100.00", "missing_lines": 0, "excluded_lines": 0, "percent_statements_covered": 100.0, "percent_statements_covered_display": "100.00"}, "missing_lines": [], "excluded_lines": [], "start_line": 51}, "CredentialHarvestResponse": {"executed_lines": [], "summary": {"covered_lines": 0, "num_statements": 0, "percent_covered": 100.0, "percent_covered_display": "100.00", "missing_lines": 0, "excluded_lines": 0, "percent_statements_covered": 100.0, "percent_statements_covered_display": "100.00"}, "missing_lines": [], "excluded_lines": [], "start_line": 63}, "": {"executed_lines": [], "summary": {"covered_lines": 0, "num_statements": 72, "percent_covered": 0.0, "percent_covered_display": "0.00", "missing_lines": 72, "excluded_lines": 0, "percent_statements_covered": 0.0, "percent_statements_covered_display": "0.00"}, "missing_lines": [5, 6, 7, 8, 9, 10, 12, 15, 19, 21, 22, 25, 27, 28, 29, 30, 31, 32, 33, 36, 38, 39, 40, 41, 42, 45, 47, 48, 51, 53, 54, 55, 56, 57, 58, 59, 60, 63, 65, 66, 67, 68, 69, 70, 73, 74, 94, 95, 96, 99, 102, 115, 123, 124, 125, 131, 132, 153, 154, 155, 158, 161, 175, 184, 185, 186, 192, 193, 200, 223, 224, 231], "excluded_lines": [], "start_line": 1}}}, "backend/app/api/routes/sensitive_data.py": {"executed_lines": [], "summary": {"covered_lines": 0, "num_statements": 132, "percent_covered": 0.0, "percent_covered_display": "0.00", "missing_lines": 132, "excluded_lines": 0, "percent_statements_covered": 0.0, "percent_statements_covered_display": "0.00"}, "missing_lines": [5, 6, 7, 8, 10, 11, 13, 14, 26, 38, 41, 42, 91, 92, 102, 103, 104, 105, 106, 112, 113, 158, 159, 169, 170, 171, 172, 173, 179, 180, 226, 227, 237, 238, 239, 240, 241, 247, 248, 304, 305, 315, 316, 317, 318, 319, 325, 350, 351, 352, 358, 359, 360, 366, 367, 373, 374, 377, 378, 381, 382, 383, 386, 387, 389, 390, 393, 394, 397, 400, 401, 404, 405, 408, 415, 416, 419, 422, 430, 433, 434, 435, 438, 441, 449, 465, 466, 467, 468, 470, 471, 472, 473, 474, 475, 476, 477, 478, 479, 481, 483, 484, 485, 488, 491, 492, 493, 495, 497, 500, 501, 502, 504, 505, 506, 508, 514, 521, 526, 527, 529, 535, 536, 548, 549, 550, 561, 562, 563, 574, 575, 576], "excluded_lines": [], "functions": {"detect_credential_exposure": {"executed_lines": [], "summary": {"covered_lines": 0, "num_statements": 7, "percent_covered": 0.0, "percent_covered_display": "0.00", "missing_lines": 7, "excluded_lines": 0, "percent_statements_covered": 0.0, "percent_statements_covered_display": "0.00"}, "missing_lines": [91, 92, 102, 103, 104, 105, 106], "excluded_lines": [], "start_line": 42}, "detect_financial_exposure": {"executed_lines": [], "summary": {"covered_lines": 0, "num_statements": 7, "percent_covered": 0.0, "percent_covered_display": "0.00", "missing_lines": 7, "excluded_lines": 0, "percent_statements_covered": 0.0, "percent_statements_covered_display": "0.00"}, "missing_lines": [158, 159, 169, 170, 171, 172, 173], "excluded_lines": [], "start_line": 113}, "detect_pii_exposure": {"executed_lines": [], "summary": {"covered_lines": 0, "num_statements": 7, "percent_covered": 0.0, "percent_covered_display": "0.00", "missing_lines": 7, "excluded_lines": 0, "percent_statements_covered": 0.0, "percent_statements_covered_display": "0.00"}, "missing_lines": [226, 227, 237, 238, 239, 240, 241], "excluded_lines": [], "start_line": 180}, "unified_sensitive_data_scan": {"executed_lines": [], "summary": {"covered_lines": 0, "num_statements": 7, "percent_covered": 0.0, "percent_covered_display": "0.00", "missing_lines": 7, "excluded_lines": 0, "percent_statements_covered": 0.0, "percent_statements_covered_display": "0.00"}, "missing_lines": [304, 305, 315, 316, 317, 318, 319], "excluded_lines": [], "start_line": 248}, "_scan_sensitive_data": {"executed_lines": [], "summary": {"covered_lines": 0, "num_statements": 85, "percent_covered": 0.0, "percent_covered_display": "0.00", "missing_lines": 85, "excluded_lines": 0, "percent_statements_covered": 0.0, "percent_statements_covered_display": "0.00"}, "missing_lines": [350, 351, 352, 358, 359, 360, 366, 367, 373, 374, 377, 378, 381, 382, 383, 386, 387, 389, 390, 393, 394, 397, 400, 401, 404, 405, 408, 415, 416, 419, 422, 430, 433, 434, 435, 438, 441, 449, 465, 466, 467, 468, 470, 471, 472, 473, 474, 475, 476, 477, 478, 479, 481, 483, 484, 485, 488, 491, 492, 493, 495, 497, 500, 501, 502, 504, 505, 506, 508, 514, 521, 526, 527, 529, 535, 536, 548, 549, 550, 561, 562, 563, 574, 575, 576], "excluded_lines": [], "start_line": 325}, "": {"executed_lines": [], "summary": {"covered_lines": 0, "num_statements": 19, "percent_covered": 0.0, "percent_covered_display": "0.00", "missing_lines": 19, "excluded_lines": 0, "percent_statements_covered": 0.0, "percent_statements_covered_display": "0.00"}, "missing_lines": [5, 6, 7, 8, 10, 11, 13, 14, 26, 38, 41, 42, 112, 113, 179, 180, 247, 248, 325], "excluded_lines": [], "start_line": 1}}, "classes": {"
[...]
152, 155, 157, 159, 161, 162, 164, 166, 177, 180, 182, 184, 185, 188, 190, 201, 203, 204, 206, 208, 209, 212, 214, 225, 227, 228, 239, 241, 242, 244, 246, 248, 259, 261, 262, 264, 265, 267, 268, 270, 281, 283, 285, 286, 289, 290, 291, 302, 312, 333, 334, 335, 336, 337, 339], "excluded_lines": [], "functions": {"CredentialExposure.to_dict": {"executed_lines": [], "summary": {"covered_lines": 0, "num_statements": 1, "percent_covered": 0.0, "percent_covered_display": "0.00", "missing_lines": 1, "excluded_lines": 0, "percent_statements_covered": 0.0, "percent_statements_covered_display": "0.00"}, "missing_lines": [37], "excluded_lines": [], "start_line": 36}, "CredentialHarvester.__init__": {"executed_lines": [], "summary": {"covered_lines": 0, "num_statements": 1, "percent_covered": 0.0, "percent_covered_display": "0.00", "missing_lines": 1, "excluded_lines": 0, "percent_statements_covered": 0.0, "percent_statements_covered_display": "0.00"}, "missing_lines": [99], "excluded_lines": [], "start_line": 98}, "CredentialHarvester.analyze_activities": {"executed_lines": [], "summary": {"covered_lines": 0, "num_statements": 6, "percent_covered": 0.0, "percent_covered_display": "0.00", "missing_lines": 6, "excluded_lines": 0, "percent_statements_covered": 0.0, "percent_statements_covered_display": "0.00"}, "missing_lines": [111, 113, 114, 117, 122, 123], "excluded_lines": [], "start_line": 101}, "CredentialHarvester._check_activity": {"executed_lines": [], "summary": {"covered_lines": 0, "num_statements": 15, "percent_covered": 0.0, "percent_covered_display": "0.00", "missing_lines": 15, "excluded_lines": 0, "percent_statements_covered": 0.0, "percent_statements_covered_display": "0.00"}, "missing_lines": [127, 128, 129, 132, 133, 134, 135, 136, 139, 140, 143, 146, 149, 152, 155], "excluded_lines": [], "start_line": 125}, "CredentialHarvester._detect_lm_hashes": {"executed_lines": [], "summary": {"covered_lines": 0, "num_statements": 5, "percent_covered": 0.0, "percent_covered_display": "0.00", "missing_lines": 5, "excluded_lines": 0, "percent_statements_covered": 0.0, "percent_statements_covered_display": "0.00"}, "missing_lines": [159, 161, 162, 164, 166], "excluded_lines": [], "start_line": 157}, "CredentialHarvester._detect_ntlm_hashes": {"executed_lines": [], "summary": {"covered_lines": 0, "num_statements": 6, "percent_covered": 0.0, "percent_covered_display": "0.00", "missing_lines": 6, "excluded_lines": 0, "percent_statements_covered": 0.0, "percent_statements_covered_display": "0.00"}, "missing_lines": [180, 182, 184, 185, 188, 190], "excluded_lines": [], "start_line": 177}, "CredentialHarvester._detect_plaintext_passwords": {"executed_lines": [], "summary": {"covered_lines": 0, "num_statements": 7, "percent_covered": 0.0, "percent_covered_display": "0.00", "missing_lines": 7, "excluded_lines": 0, "percent_statements_covered": 0.0, "percent_statements_covered_display": "0.00"}, "missing_lines": [203, 204, 206, 208, 209, 212, 214], "excluded_lines": [], "start_line": 201}, "CredentialHarvester._detect_ssh_keys": {"executed_lines": [], "summary": {"covered_lines": 0, "num_statements": 2, "percent_covered": 0.0, "percent_covered_display": "0.00", "missing_lines": 2, "excluded_lines": 0, "percent_statements_covered": 0.0, "percent_statements_covered_display": "0.00"}, "missing_lines": [227, 228], "excluded_lines": [], "start_line": 225}, "CredentialHarvester._detect_api_keys": {"executed_lines": [], "summary": {"covered_lines": 0, "num_statements": 5, "percent_covered": 0.0, "percent_covered_display": "0.00", "missing_lines": 5, "excluded_lines": 0, "percent_statements_covered": 0.0, "percent_statements_covered_display": "0.00"}, "missing_lines": [241, 242, 244, 246, 248], "excluded_lines": [], "start_line": 239}, "CredentialHarvester._detect_windows_artifacts": {"executed_lines": [], "summary": {"covered_lines": 0, "num_statements": 7, "percent_covered": 0.0, "percent_covered_display": "0.00", "missing_lines": 7, "excluded_lines": 0, "percent_statements_covered": 0.0, "percent_statements_covered_display": "0.00"}, "missing_lines": [261, 262, 264, 265, 267, 268, 270], "excluded_lines": [], "start_line": 259}, "CredentialHarvester._detect_browser_credentials": {"executed_lines": [], "summary": {"covered_lines": 0, "num_statements": 6, "percent_covered": 0.0, "percent_covered_display": "0.00", "missing_lines": 6, "excluded_lines": 0, "percent_statements_covered": 0.0, "percent_statements_covered_display": "0.00"}, "missing_lines": [283, 285, 286, 289, 290, 291], "excluded_lines": [], "start_line": 281}, "CredentialHarvester.generate_report": {"executed_lines": [], "summary": {"covered_lines": 0, "num_statements": 7, "percent_covered": 0.0, "percent_covered_display": "0.00", "missing_lines": 7, "excluded_lines": 0, "percent_statements_covered": 0.0, "percent_statements_covered_display": "0.00"}, "missing_lines": [312, 333, 334, 335, 336, 337, 339], "excluded_lines": [], "start_line": 302}, "": {"executed_lines": [], "summary": {"covered_lines": 0, "num_statements": 38, "percent_covered": 0.0, "percent_covered_display": "0.00", "missing_lines": 38, "excluded_lines": 0, "percent_statements_covered": 0.0, "percent_statements_covered_display": "0.00"}, "missing_lines": [13, 14, 15, 16, 17, 18, 19, 21, 24, 25, 27, 28, 29, 30, 31, 32, 33, 34, 36, 49, 53, 56, 59, 67, 70, 80, 91, 98, 101, 125, 157, 177, 201, 225, 239, 259, 281, 302], "excluded_lines": [], "start_line": 1}}, "classes": {"CredentialExposure": {"executed_lines": [], "summary": {"covered_lines": 0, "num_statements": 1, "percent_covered": 0.0, "percent_covered_display": "0.00", "missing_lines": 1, "excluded_lines": 0, "percent_statements_covered": 0.0, "percent_statements_covered_display": "0.00"}, "missing_lines": [37], "excluded_lines": [], "start_line": 25}, "CredentialHarvester": {"executed_lines": [], "summary": {"covered_lines": 0, "num_statements": 67, "percent_covered": 0.0, "percent_covered_display": "0.00", "missing_lines": 67, "excluded_lines": 0, "percent_statements_covered": 0.0, "percent_statements_covered_display": "0.00"}, "missing_lines": [99, 111, 113, 114, 117, 122, 123, 127, 128, 129, 132, 133, 134, 135, 136, 139, 140, 143, 146, 149, 152, 155, 159, 161, 162, 164, 166, 180, 182, 184, 185, 188, 190, 203, 204, 206, 208, 209, 212, 214, 227, 228, 241, 242, 244, 246, 248, 261, 262, 264, 265, 267, 268, 270, 283, 285, 286, 289, 290, 291, 312, 333, 334, 335, 336, 337, 339], "excluded_lines": [], "start_line": 49}, "": {"executed_lines": [], "summary": {"covered_lines": 0, "num_statements": 38, "percent_covered": 0.0, "percent_covered_display": "0.00", "missing_lines": 38, "excluded_lines": 0, "percent_statements_covered": 0.0, "percent_statements_covered_display": "0.00"}, "missing_lines": [13, 14, 15, 16, 17, 18, 19, 21, 24, 25, 27, 28, 29, 30, 31, 32, 33, 34, 36, 49, 53, 56, 59, 67, 70, 80, 91, 98, 101, 125, 157, 177, 201, 225, 239, 259, 281, 302], "excluded_lines": [], "start_line": 1}}}, "backend/app/security/exfiltration_detector.py": {"executed_lines": [], "summary": {"covered_lines": 0, "num_statements": 123, "percent_covered": 0.0, "percent_covered_display": "0.00", "missing_lines": 123, "excluded_lines": 0, "percent_statements_covered": 0.0, "percent_statements_covered_display": "0.00"}, "missing_lines": [12, 13, 14, 15, 16, 17, 18, 20, 23, 24, 26, 27, 28, 29, 30, 31, 32, 34, 35, 46, 50, 64, 71, 77, 78, 79, 80, 81, 83, 93, 96, 99, 100, 101, 102, 103, 106, 114, 115, 117, 119, 120, 121, 124, 125, 128, 129, 132, 133, 135, 137, 138, 140, 141, 144, 145, 146, 153, 154, 155, 158, 159, 160, 174, 175, 189, 191, 193, 194, 196, 197, 200, 201, 214, 215, 217, 218, 219, 220, 221, 234, 236, 237, 239, 240, 241, 244, 245, 246, 247, 250, 251, 264, 266, 268, 269, 272, 273, 275, 276, 279, 280, 281, 294, 296, 298, 299, 300, 302, 303, 304, 307, 308, 309, 311, 324, 334, 353, 354, 355, 356, 357, 359], "excluded_lines": [], "functions": {"ExfiltrationIndicator.to_dict": {"executed_lines": [], "summary": {"covered_lines": 0, "num_statements": 1, "percent_covered": 0.0, "percent_covered_display": "0.00", "missing_lines": 1, "excluded_lines": 0, "percent_statements_covered": 0.0, "percent_statements_covered_display": "0.00"}, "missing_lines": [35], "excluded_lines": [], "start_line": 34}, "ExfiltrationDetector.__init__": {"executed_lines": [], "summary": {"covered_lines": 0, "num_statements": 4, "percent_covered": 0.0, "percent_covered_display": "0.00", "missing_lines": 4, "excluded_lines": 0, "percent_statements_covered": 0.0, "percent_statements_covered_display": "0.00"}, "missing_lines": [78, 79, 80, 81], "excluded_lines": [], "start_line": 77}, "ExfiltrationDetector.analyze_activities": {"executed_lines": [], "summary": {"covered_lines": 0, "num_statements": 10, "percent_covered": 0.0, "percent_covered_display": "0.00", "missing_lines": 10, "excluded_lines": 0, "percent_statements_covered": 0.0, "percent_statements_covered_display": "0.00"}, "missing_lines": [93, 96, 99, 100, 101, 102, 103, 106, 114, 115], "excluded_lines": [], "start_line": 83}, "ExfiltrationDetector._extract_network_activities": {"executed_lines": [], "summary": {"covered_lines": 0, "num_statements": 9, "percent_covered": 0.0, "percent_covered_display": "0.00", "missing_lines": 9, "excluded_lines": 0, "percent_statements_covered": 0.0, "percent_statements_covered_display": "0.00"}, "missing_lines": [119, 120, 121, 124, 125, 128, 129, 132, 133], "excluded_lines": [], "start_line": 117}, "ExfiltrationDetector._detect_dns_tunneling": {"executed_lines": [], "summary": {"covered_lines": 0, "num_statements": 15, "percent_covered": 0.0, "percent_covered_display": "0.00", "missing_lines": 15, "excluded_lines": 0, "percent_statements_covered": 0.0, "percent_statements_covered_display": "0.00"}, "missing_lines": [137, 138, 140, 141, 144, 145, 146, 153, 154, 155, 158, 159, 160, 174, 175], "excluded_lines": [], "start_line": 135}, "ExfiltrationDetector._detect_icmp_tunneling": {"executed_lines": [], "summary": {"covered_lines": 0, "num_statements": 14, "percent_covered": 0.0, "percent_covered_display": "0.00", "missing_lines": 14, "excluded_lines": 0, "percent_statements_covered": 0.0, "percent_statements_covered_display": "0.00"}, "missing_lines": [191, 193, 194, 196, 197, 200, 201, 214, 215, 217, 218, 219, 220, 221], "excluded_lines": [], "start_line": 189}, "ExfiltrationDetector._detect_protocol_hopping": {"executed_lines": [], "summary": {"covered_lines": 0, "num_statements": 11, "percent_covered": 0.0, "percent_covered_display": "0.00", "missing_lines": 11, "excluded_lines": 0, "percent_statements_covered": 0.0, "percent_statements_covered_display": "0.00"}, "missing_lines": [236, 237, 239, 240, 241, 244, 245, 246, 247, 250, 251], "excluded_lines": [], "start_line": 234}, "ExfiltrationDetector._detect_suspicious_transfers": {"executed_lines": [], "summary": {"covered_lines": 0, "num_statements": 10, "percent_covered": 0.0, "percent_covered_display": "0.00", "missing_lines": 10, "excluded_lines": 0, "percent_statements_covered": 0.0, "percent_statements_covered_display": "0.00"}, "missing_lines": [266, 268, 269, 272, 273, 275, 276, 279, 280, 281], "excluded_lines": [], "start_line": 264}, "ExfiltrationDetector._detect_tool_usage": {"executed_lines": [], "summary": {"covered_lines": 0, "num_statements": 11, "percent_covered": 0.0, "percent_covered_display": "0.00", "missing_lines": 11, "excluded_lines": 0, "percent_statements_covered": 0.0, "percent_statements_covered_display": "0.00"}, "missing_lines": [296, 298, 299, 300, 302, 303, 304, 307, 308, 309, 311], "excluded_lines": [], "start_line": 294}, "ExfiltrationDetector.generate_report": {"executed_lines": [], "summary": {"covered_lines": 0, "num_statements": 7, "percent_covered": 0.0, "percent_covered_display": "0.00", "missing_lines": 7, "excluded_lines": 0, "percent_statements_covered": 0.0, "percent_statements_covered_display": "0.00"}, "missing_lines": [334, 353, 354, 355, 356, 357, 359], "excluded_lines": [], "start_line": 324}, "": {"executed_lines": [], "summary": {"covered_lines": 0, "num_statements": 31, "percent_covered": 0.0, "percent_covered_display": "0.00", "missing_lines": 31, "excluded_lines": 0, "percent_statements_covered": 0.0, "percent_statements_covered_display": "0.00"}, "missing_lines": [12, 13, 14, 15, 16, 17, 18, 20, 23, 24, 26, 27, 28, 29, 30, 31, 32, 34, 46, 50, 64, 71, 77, 83, 117, 135, 189, 234, 264, 294, 324], "excluded_lines": [], "start_line": 1}}, "classes": {"ExfiltrationIndicator": {"executed_lines": [], "summary": {"covered_lines": 0, "num_statements": 1, "percent_covered": 0.0, "percent_covered_display": "0.00", "missing_lines": 1, "excluded_lines": 0, "percent_statements_covered": 0.0, "percent_statements_covered_display": "0.00"}, "missing_lines": [35], "excluded_lines": [], "start_line": 24}, "ExfiltrationDetector": {"executed_lines": [], "summary": {"covered_lines": 0, "num_statements": 91, "percent_covered": 0.0, "percent_covered_display": "0.00", "missing_lines": 91, "excluded_lines": 0, "percent_statements_covered": 0.0, "percent_statements_covered_display": "0.00"}, "missing_lines": [78, 79, 80, 81, 93, 96, 99, 100, 101, 102, 103, 106, 114, 115, 119, 120, 121, 124, 125, 128, 129, 132, 133, 137, 138, 140, 141, 144, 145, 146, 153, 154, 155, 158, 159, 160, 174, 175, 191, 193, 194, 196, 197, 200, 201, 214, 215, 217, 218, 219, 220, 221, 236, 237, 239, 240, 241, 244, 245, 246, 247, 250, 251, 266, 268, 269, 272, 273, 275, 276, 279, 280, 281, 296, 298, 299, 300, 302, 303, 304, 307, 308, 309, 311, 334, 353, 354, 355, 356, 357, 359], "excluded_lines": [], "start_line": 46}, "": {"executed_lines": [], "summary": {"covered_lines": 0, "num_statements": 31, "percent_covered": 0.0, "percent_covered_display": "0.00", "missing_lines": 31, "excluded_lines": 0, "percent_statements_covered": 0.0, "percent_statements_covered_display": "0.00"}, "missing_lines": [12, 13, 14, 15, 16, 17, 18, 20, 23, 24, 26, 27, 28, 29, 30, 31, 32, 34, 46, 50, 64, 71, 77, 83, 117, 135, 189, 234, 264, 294, 324], "excluded_lines": [], "start_line": 1}}}, "backend/main.py": {"executed_lines": [], "summary": {"covered_lines": 0, "num_statements": 65, "percent_covered": 0.0, "percent_covered_display": "0.00", "missing_lines": 65, "excluded_lines": 0, "percent_statements_covered": 0.0, "percent_statements_covered_display": "0.00"}, "missing_lines": [7, 9, 10, 11, 12, 14, 15, 16, 25, 28, 29, 31, 33, 34, 35, 37, 39, 40, 42, 44, 45, 46, 47, 48, 51, 54, 55, 58, 59, 60, 61, 62, 69, 72, 78, 85, 97, 100, 103, 106, 109, 117, 120, 122, 132, 135, 136, 142, 144, 145, 147, 150, 152, 157, 159, 164, 165, 166, 167, 168, 170, 174, 177, 178, 180], "excluded_lines": [], "functions": {"ConnectionManager.__init__": {"executed_lines": [], "summary": {"covered_lines": 0, "num_statements": 1, "percent_covered": 0.0, "percent_covered_display": "0.00", "missing_lines": 1, "excluded_lines": 0, "percent_statements_covered": 0.0, "percent_statements_covered_display": "0.00"}, "missing_lines": [29], "excluded_lines": [], "start_line": 28}, "ConnectionManager.connect": {"executed_lines": [], "summary": {"covered_lines": 0, "num_statements": 3, "percent_covered": 0.0, "percent_covered_display": "0.00", "missing_lines": 3, "excluded_lines": 0, "percent_statements_covered": 0.0, "percent_statements_covered_display": "0.00"}, "missing_lines": [33, 34, 35], "excluded_lines": [], "start_line": 31}, "ConnectionManager.disconnect": {"executed_lines": [], "summary": {"covered_lines": 0, "num_statements": 2, "percent_covered": 0.0, "percent_covered_display": "0.00", "missing_lines": 2, "excluded_lines": 0, "percent_statements_covered": 0.0, "percent_statements_covered_display": "0.00"}, "missing_lines": [39, 40], "excluded_lines": [], "start_line": 37}, "ConnectionManager.broadcast": {"executed_lines": [], "summary": {"covered_lines": 0, "num_statements": 5, "percent_covered": 0.0, "percent_covered_display": "0.00", "missing_lines": 5, "excluded_lines": 0, "percent_statements_covered": 0.0, "percent_statements_covered_display": "0.00"}, "missing_lines": [44, 45, 46, 47, 48], "excluded_lines": [], "start_line": 42}, "lifespan": {"executed_lines": [], "summary": {"covered_lines": 0, "num_statements": 7, "percent_covered": 0.0, "percent_covered_display": "0.00", "missing_lines": 7, "excluded_lines": 0, "percent_statements_covered": 0.0, "percent_statements_covered_display": "0.00"}, "missing_lines": [58, 59, 60, 61, 62, 69, 72], "excluded_lines": [], "start_line": 55}, "create_app": {"executed_lines": [], "summary": {"covered_lines": 0, "num_statements": 13, "percent_covered": 0.0, "percent_covered_display": "0.00", "missing_lines": 13, "excluded_lines": 0, "percent_statements_covered": 0.0, "percent_statements_covered_display": "0.00"}, "missing_lines": [85, 97, 100, 103, 106, 109, 117, 120, 122, 132, 135, 136, 170], "excluded_lines": [], "start_line": 78}, "create_app.websocket_endpoint": {"executed_lines": [], "summary": {"covered_lines": 0, "num_statements": 13, "percent_covered": 0.0, "percent_covered_display": "0.00", "missing_lines": 13, "excluded_lines": 0, "percent_statements_covered": 0.0, "percent_statements_covered_display": "0.00"}, "missing_lines": [142, 144, 145, 147, 150, 152, 157, 159, 164, 165, 166, 167, 168], "excluded_lines": [], "start_line": 136}, "": {"executed_lines": [], "summary": {"covered_lines": 0, "num_statements": 21, "percent_covered": 0.0, "percent_covered_display": "0.00", "missing_lines": 21, "excluded_lines": 0, "percent_statements_covered": 0.0, "percent_statements_covered_display": "0.00"}, "missing_lines": [7, 9, 10, 11, 12, 14, 15, 16, 25, 28, 31, 37, 42, 51, 54, 55, 78, 174, 177, 178, 180], "excluded_lines": [], "start_line": 1}}, "classes": {"ConnectionManager": {"executed_lines": [], "summary": {"covered_lines": 0, "num_statements": 11, "percent_covered": 0.0, "percent_covered_display": "0.00", "missing_lines": 11, "excluded_lines": 0, "percent_statements_covered": 0.0, "percent_statements_covered_display": "0.00"}, "missing_lines": [29, 33, 34, 35, 39, 40, 44, 45, 46, 47, 48], "excluded_lines": [], "start_line": 25}, "": {"executed_lines": [], "summary": {"covered_lines": 0, "num_statements": 54, "percent_covered": 0.0, "percent_covered_display": "0.00", "missing_lines": 54, "excluded_lines": 0, "percent_statements_covered": 0.0, "percent_statements_covered_display": "0.00"}, "missing_lines": [7, 9, 10, 11, 12, 14, 15, 16, 25, 28, 31, 37, 42, 51, 54, 55, 58, 59, 60, 61, 62, 69, 72, 78, 85, 97, 100, 103, 106, 109, 117, 120, 122, 132, 135, 136, 142, 144, 145, 147, 150, 152, 157, 159, 164, 165, 166, 167, 168, 170, 174, 177, 178, 180], "excluded_lines": [], "start_line": 1}}}, "standalone_tests/conftest.py": {"executed_lines": [1], "summary": {"covered_lines": 1, "num_statements": 1, "percent_covered": 100.0, "percent_covered_display": "100.00", "missing_lines": 0, "excluded_lines": 0, "percent_statements_covered": 100.0, "percent_statements_covered_display": "100.00"}, "missing_lines": [], "excluded_lines": [], "functions": {"": {"executed_lines": [1], "summary": {"covered_lines": 1, "num_statements": 1, "percent_covered": 100.0, "percent_covered_display": "100.00", "missing_lines": 0, "excluded_lines": 0, "percent_statements_covered": 100.0, "percent_statements_covered_display": "100.00"}, "missing_lines": [], "excluded_lines": [], "start_line": 1}}, "classes": {"": {"executed_lines": [1], "summary": {"covered_lines": 1, "num_statements": 1, "percent_covered": 100.0, "percent_covered_display": "100.00", "missing_lines": 0, "excluded_lines": 0, "percent_statements_covered": 100.0, "percent_statements_covered_display": "100.00"}, "missing_lines": [], "excluded_lines": [], "start_line": 1}}}}, "totals": {"covered_lines": 1, "num_statements": 13033, "percent_covered": 0.007672830507174096, "percent_covered_display": "0.01", "missing_lines": 13032, "excluded_lines": 12, "percent_statements_covered": 0.007672830507174096, "percent_statements_covered_display": "0.01"}}